<?xml version="1.0" encoding="utf-8"?>
<TestRun id="4f530d0e-ea26-4d0a-9dff-417bd7903144" name="LENOVO@DESKTOP-9QP3NGF 2026-06-15 13:13:32" runUser="DESKTOP-9QP3NGF\LENOVO" xmlns="http://microsoft.com/schemas/VisualStudio/TeamTest/2010">
  <Times creation="2026-06-15T13:13:32.0692489-05:00" queuing="2026-06-15T13:13:32.0692493-05:00" start="2026-06-15T13:13:30.9324394-05:00" finish="2026-06-15T13:13:32.2574951-05:00" />
  <TestSettings name="default" id="84499c5b-72d9-40f4-afbf-00d49b1b1ad8">
    <Deployment runDeploymentRoot="LENOVO_DESKTOP-9QP3NGF_2026-06-15_13_13_32" />
  </TestSettings>
  <Results>
    <UnitTestResult executionId="a2e43a4d-3476-47b0-9188-275d13a46e26" testId="14de0388-e335-1561-e412-f1686917d56c" testName="Unitaria: nombre vacio o en blanco retorna error de nombre(name: &quot;&quot;)" computerName="DESKTOP-9QP3NGF" duration="00:00:00.0000909" startTime="2026-06-15T13:13:32.0464103-05:00" endTime="2026-06-15T13:13:32.0464105-05:00" testType="13cdc9d9-ddb5-4fa4-a97d-d965ccfc6d4b" outcome="Passed" testListId="8c84fa94-04c1-424b-9868-57a2d4851a1d" relativeResultsDirectory="a2e43a4d-3476-47b0-9188-275d13a46e26" />
    <UnitTestResult executionId="447da216-be64-4db7-92a8-b5edda584c4f" testId="b20215e2-b064-b3fc-8bc5-9d11ee1544c2" testName="TDD 3 Refactor: errores se acumulan sin perder legibilidad" computerName="DESKTOP-9QP3NGF" duration="00:00:00.0002109" startTime="2026-06-15T13:13:32.0295238-05:00" endTime="2026-06-15T13:13:32.0295239-05:00" testType="13cdc9d9-ddb5-4fa4-a97d-d965ccfc6d4b" outcome="Passed" testListId="8c84fa94-04c1-424b-9868-57a2d4851a1d" relativeResultsDirectory="447da216-be64-4db7-92a8-b5edda584c4f" />
    <UnitTestResult executionId="6112e3f3-14d3-4d71-8908-41d435f9470c" testId="2c1dc552-46f5-5c45-ac11-6cedc4724777" testName="Unitaria: producto completo retorna valido" computerName="DESKTOP-9QP3NGF" duration="00:00:00.0003209" startTime="2026-06-15T13:13:32.0470555-05:00" endTime="2026-06-15T13:13:32.0470556-05:00" testType="13cdc9d9-ddb5-4fa4-a97d-d965ccfc6d4b" outcome="Passed" testListId="8c84fa94-04c1-424b-9868-57a2d4851a1d" relativeResultsDirectory="6112e3f3-14d3-4d71-8908-41d435f9470c" />
    <UnitTestResult executionId="c49e811f-3e44-4313-bc54-93dfc10cf956" testId="fd971bf2-0c9b-0f0a-62b9-4201d24de568" testName="Sistema: POST de validacion con precio cero equivale a HTTP 400" computerName="DESKTOP-9QP3NGF" duration="00:00:00.0079308" startTime="2026-06-15T13:13:32.0283911-05:00" endTime="2026-06-15T13:13:32.0283911-05:00" testType="13cdc9d9-ddb5-4fa4-a97d-d965ccfc6d4b" outcome="Passed" testListId="8c84fa94-04c1-424b-9868-57a2d4851a1d" relativeResultsDirectory="c49e811f-3e44-4313-bc54-93dfc10cf956" />
    <UnitTestResult executionId="91e9485a-953c-4891-a7cb-7e15961978bd" testId="b0ebbb7e-a9a3-7757-2a92-597d28a2bbf7" testName="TDD 1 Green: producto completo es valido" computerName="DESKTOP-9QP3NGF" duration="00:00:00.0062948" startTime="2026-06-15T13:13:32.0222207-05:00" endTime="2026-06-15T13:13:32.0222402-05:00" testType="13cdc9d9-ddb5-4fa4-a97d-d965ccfc6d4b" outcome="Passed" testListId="8c84fa94-04c1-424b-9868-57a2d4851a1d" relativeResultsDirectory="91e9485a-953c-4891-a7cb-7e15961978bd" />
    <UnitTestResult executionId="efc12904-b082-476f-80b5-228ec139f801" testId="6f911721-1608-56ec-abc3-60016895f942" testName="TDD 2 Green: precio en limite cero es invalido" computerName="DESKTOP-9QP3NGF" duration="00:00:00.0000654" startTime="2026-06-15T13:13:32.0465986-05:00" endTime="2026-06-15T13:13:32.0465988-05:00" testType="13cdc9d9-ddb5-4fa4-a97d-d965ccfc6d4b" outcome="Passed" testListId="8c84fa94-04c1-424b-9868-57a2d4851a1d" relativeResultsDirectory="efc12904-b082-476f-80b5-228ec139f801" />
    <UnitTestResult executionId="a8b808f0-d374-4aa4-afb3-068b3c2fd3aa" testId="ced04ed3-0043-6b0a-1a36-4b93f5f4bbc3" testName="Integral: catalogo filtra precios invalidos y ordena productos por nombre" computerName="DESKTOP-9QP3NGF" duration="00:00:00.0076570" startTime="2026-06-15T13:13:32.0274436-05:00" endTime="2026-06-15T13:13:32.0274437-05:00" testType="13cdc9d9-ddb5-4fa4-a97d-d965ccfc6d4b" outcome="Passed" testListId="8c84fa94-04c1-424b-9868-57a2d4851a1d" relativeResultsDirectory="a8b808f0-d374-4aa4-afb3-068b3c2fd3aa" />
    <UnitTestResult executionId="daa3e94f-72d9-41f6-be22-615a26d34f2d" testId="ee2c36f5-fd5a-6b17-40ea-5d1b7dd29423" testName="Unitaria: precio cero o negativo retorna error de precio(price: -1)" computerName="DESKTOP-9QP3NGF" duration="00:00:00.0079449" startTime="2026-06-15T13:13:32.0282494-05:00" endTime="2026-06-15T13:13:32.0282495-05:00" testType="13cdc9d9-ddb5-4fa4-a97d-d965ccfc6d4b" outcome="Passed" testListId="8c84fa94-04c1-424b-9868-57a2d4851a1d" relativeResultsDirectory="daa3e94f-72d9-41f6-be22-615a26d34f2d" />
    <UnitTestResult executionId="ced51272-498f-4963-87f9-d5de228209c0" testId="10afac85-e352-3481-9b2c-ef0c7befd52b" testName="Unitaria: precio cero o negativo retorna error de precio(price: 0)" computerName="DESKTOP-9QP3NGF" duration="00:00:00.0001688" startTime="2026-06-15T13:13:32.0289910-05:00" endTime="2026-06-15T13:13:32.0289910-05:00" testType="13cdc9d9-ddb5-4fa4-a97d-d965ccfc6d4b" outcome="Passed" testListId="8c84fa94-04c1-424b-9868-57a2d4851a1d" relativeResultsDirectory="ced51272-498f-4963-87f9-d5de228209c0" />
    <UnitTestResult executionId="f1127b70-dd97-4382-bab8-1ed09c5ca7ef" testId="d4f6f382-b1bb-1c00-18c6-27aef4894542" testName="Sistema: POST de validacion con producto valido equivale a HTTP 200" computerName="DESKTOP-9QP3NGF" duration="00:00:00.0006472" startTime="2026-06-15T13:13:32.0468861-05:00" endTime="2026-06-15T13:13:32.0468862-05:00" testType="13cdc9d9-ddb5-4fa4-a97d-d965ccfc6d4b" outcome="Passed" testListId="8c84fa94-04c1-424b-9868-57a2d4851a1d" relativeResultsDirectory="f1127b70-dd97-4382-bab8-1ed09c5ca7ef" />
    <UnitTestResult executionId="e13665a8-e11f-4565-a904-30f44b788d26" testId="bde5a58d-8db4-5485-bc87-79b5cd68a952" testName="Unitaria: nombre vacio o en blanco retorna error de nombre(name: &quot; &quot;)" computerName="DESKTOP-9QP3NGF" duration="00:00:00.0000994" startTime="2026-06-15T13:13:32.0292917-05:00" endTime="2026-06-15T13:13:32.0292917-05:00" testType="13cdc9d9-ddb5-4fa4-a97d-d965ccfc6d4b" outcome="Passed" testListId="8c84fa94-04c1-424b-9868-57a2d4851a1d" relativeResultsDirectory="e13665a8-e11f-4565-a904-30f44b788d26" />
  </Results>
  <TestDefinitions>
    <UnitTest name="Unitaria: precio cero o negativo retorna error de precio(price: -1)" storage="c:\proyecto\proyecto-muebles4-main\backend\services\catalogservice\catalogservice.tests\bin\debug\net8.0\catalogservice.tests.dll" id="ee2c36f5-fd5a-6b17-40ea-5d1b7dd29423">
      <Execution id="daa3e94f-72d9-41f6-be22-615a26d34f2d" />
      <TestMethod codeBase="C:\Proyecto\Proyecto-Muebles4-main\backend\services\CatalogService\CatalogService.Tests\bin\Debug\net8.0\CatalogService.Tests.dll" adapterTypeName="executor://xunit/VsTestRunner2/netcoreapp" className="CatalogService.Tests.ProductValidationTests" name="Validate_WhenPriceIsZeroOrNegative_ReturnsPriceError" />
    </UnitTest>
    <UnitTest name="Unitaria: nombre vacio o en blanco retorna error de nombre(name: &quot; &quot;)" storage="c:\proyecto\proyecto-muebles4-main\backend\services\catalogservice\catalogservice.tests\bin\debug\net8.0\catalogservice.tests.dll" id="bde5a58d-8db4-5485-bc87-79b5cd68a952">
      <Execution id="e13665a8-e11f-4565-a904-30f44b788d26" />
      <TestMethod codeBase="C:\Proyecto\Proyecto-Muebles4-main\backend\services\CatalogService\CatalogService.Tests\bin\Debug\net8.0\CatalogService.Tests.dll" adapterTypeName="executor://xunit/VsTestRunner2/netcoreapp" className="CatalogService.Tests.ProductValidationTests" name="Validate_WhenNameIsBlank_ReturnsNameError" />
    </UnitTest>
    <UnitTest name="Sistema: POST de validacion con producto valido equivale a HTTP 200" storage="c:\proyecto\proyecto-muebles4-main\backend\services\catalogservice\catalogservice.tests\bin\debug\net8.0\catalogservice.tests.dll" id="d4f6f382-b1bb-1c00-18c6-27aef4894542">
      <Execution id="f1127b70-dd97-4382-bab8-1ed09c5ca7ef" />
      <TestMethod codeBase="C:\Proyecto\Proyecto-Muebles4-main\backend\services\CatalogService\CatalogService.Tests\bin\Debug\net8.0\CatalogService.Tests.dll" adapterTypeName="executor://xunit/VsTestRunner2/netcoreapp" className="CatalogService.Tests.CatalogEndpointSystemTests" name="ShouldReturnValidWhenPostRequest" />
    </UnitTest>
    <UnitTest name="Sistema: POST de validacion con precio cero equivale a HTTP 400" storage="c:\proyecto\proyecto-muebles4-main\backend\services\catalogservice\catalogservice.tests\bin\debug\net8.0\catalogservice.tests.dll" id="fd971bf2-0c9b-0f0a-62b9-4201d24de568">
      <Execution id="c49e811f-3e44-4313-bc54-93dfc10cf956" />
      <TestMethod codeBase="C:\Proyecto\Proyecto-Muebles4-main\backend\services\CatalogService\CatalogService.Tests\bin\Debug\net8.0\CatalogService.Tests.dll" adapterTypeName="executor://xunit/VsTestRunner2/netcoreapp" className="CatalogService.Tests.CatalogEndpointSystemTests" name="ShouldReturnBadRequestWhenPostRequestHasBoundaryPriceZero" />
    </UnitTest>
    <UnitTest name="Integral: catalogo filtra precios invalidos y ordena productos por nombre" storage="c:\proyecto\proyecto-muebles4-main\backend\services\catalogservice\catalogservice.tests\bin\debug\net8.0\catalogservice.tests.dll" id="ced04ed3-0043-6b0a-1a36-4b93f5f4bbc3">
      <Execution id="a8b808f0-d374-4aa4-afb3-068b3c2fd3aa" />
      <TestMethod codeBase="C:\Proyecto\Proyecto-Muebles4-main\backend\services\CatalogService\CatalogService.Tests\bin\Debug\net8.0\CatalogService.Tests.dll" adapterTypeName="executor://xunit/VsTestRunner2/netcoreapp" className="CatalogService.Tests.ProductCatalogServiceIntegrationTests" name="GetAvailableProducts_WhenRepositoryHasInvalidPrices_ReturnsOnlyPositivePricesOrderedByName" />
    </UnitTest>
    <UnitTest name="Unitaria: producto completo retorna valido" storage="c:\proyecto\proyecto-muebles4-main\backend\services\catalogservice\catalogservice.tests\bin\debug\net8.0\catalogservice.tests.dll" id="2c1dc552-46f5-5c45-ac11-6cedc4724777">
      <Execution id="6112e3f3-14d3-4d71-8908-41d435f9470c" />
      <TestMethod codeBase="C:\Proyecto\Proyecto-Muebles4-main\backend\services\CatalogService\CatalogService.Tests\bin\Debug\net8.0\CatalogService.Tests.dll" adapterTypeName="executor://xunit/VsTestRunner2/netcoreapp" className="CatalogService.Tests.ProductValidationTests" name="Validate_WhenProductIsComplete_ReturnsValid" />
    </UnitTest>
    <UnitTest name="TDD 2 Green: precio en limite cero es invalido" storage="c:\proyecto\proyecto-muebles4-main\backend\services\catalogservice\catalogservice.tests\bin\debug\net8.0\catalogservice.tests.dll" id="6f911721-1608-56ec-abc3-60016895f942">
      <Execution id="efc12904-b082-476f-80b5-228ec139f801" />
      <TestMethod codeBase="C:\Proyecto\Proyecto-Muebles4-main\backend\services\CatalogService\CatalogService.Tests\bin\Debug\net8.0\CatalogService.Tests.dll" adapterTypeName="executor://xunit/VsTestRunner2/netcoreapp" className="CatalogService.Tests.TddIterationEvidenceTests" name="ProductWithZeroPriceIsInvalid" />
    </UnitTest>
    <UnitTest name="Unitaria: nombre vacio o en blanco retorna error de nombre(name: &quot;&quot;)" storage="c:\proyecto\proyecto-muebles4-main\backend\services\catalogservice\catalogservice.tests\bin\debug\net8.0\catalogservice.tests.dll" id="14de0388-e335-1561-e412-f1686917d56c">
      <Execution id="a2e43a4d-3476-47b0-9188-275d13a46e26" />
      <TestMethod codeBase="C:\Proyecto\Proyecto-Muebles4-main\backend\services\CatalogService\CatalogService.Tests\bin\Debug\net8.0\CatalogService.Tests.dll" adapterTypeName="executor://xunit/VsTestRunner2/netcoreapp" className="CatalogService.Tests.ProductValidationTests" name="Validate_WhenNameIsBlank_ReturnsNameError" />
    </UnitTest>
    <UnitTest name="Unitaria: precio cero o negativo retorna error de precio(price: 0)" storage="c:\proyecto\proyecto-muebles4-main\backend\services\catalogservice\catalogservice.tests\bin\debug\net8.0\catalogservice.tests.dll" id="10afac85-e352-3481-9b2c-ef0c7befd52b">
      <Execution id="ced51272-498f-4963-87f9-d5de228209c0" />
      <TestMethod codeBase="C:\Proyecto\Proyecto-Muebles4-main\backend\services\CatalogService\CatalogService.Tests\bin\Debug\net8.0\CatalogService.Tests.dll" adapterTypeName="executor://xunit/VsTestRunner2/netcoreapp" className="CatalogService.Tests.ProductValidationTests" name="Validate_WhenPriceIsZeroOrNegative_ReturnsPriceError" />
    </UnitTest>
    <UnitTest name="TDD 3 Refactor: errores se acumulan sin perder legibilidad" storage="c:\proyecto\proyecto-muebles4-main\backend\services\catalogservice\catalogservice.tests\bin\debug\net8.0\catalogservice.tests.dll" id="b20215e2-b064-b3fc-8bc5-9d11ee1544c2">
      <Execution id="447da216-be64-4db7-92a8-b5edda584c4f" />
      <TestMethod codeBase="C:\Proyecto\Proyecto-Muebles4-main\backend\services\CatalogService\CatalogService.Tests\bin\Debug\net8.0\CatalogService.Tests.dll" adapterTypeName="executor://xunit/VsTestRunner2/netcoreapp" className="CatalogService.Tests.TddIterationEvidenceTests" name="ProductValidationAccumulatesErrors" />
    </UnitTest>
    <UnitTest name="TDD 1 Green: producto completo es valido" storage="c:\proyecto\proyecto-muebles4-main\backend\services\catalogservice\catalogservice.tests\bin\debug\net8.0\catalogservice.tests.dll" id="b0ebbb7e-a9a3-7757-2a92-597d28a2bbf7">
      <Execution id="91e9485a-953c-4891-a7cb-7e15961978bd" />
      <TestMethod codeBase="C:\Proyecto\Proyecto-Muebles4-main\backend\services\CatalogService\CatalogService.Tests\bin\Debug\net8.0\CatalogService.Tests.dll" adapterTypeName="executor://xunit/VsTestRunner2/netcoreapp" className="CatalogService.Tests.TddIterationEvidenceTests" name="ProductWithRequiredFieldsIsValid" />
    </UnitTest>
  </TestDefinitions>
  <TestEntries>
    <TestEntry testId="14de0388-e335-1561-e412-f1686917d56c" executionId="a2e43a4d-3476-47b0-9188-275d13a46e26" testListId="8c84fa94-04c1-424b-9868-57a2d4851a1d" />
    <TestEntry testId="b20215e2-b064-b3fc-8bc5-9d11ee1544c2" executionId="447da216-be64-4db7-92a8-b5edda584c4f" testListId="8c84fa94-04c1-424b-9868-57a2d4851a1d" />
    <TestEntry testId="2c1dc552-46f5-5c45-ac11-6cedc4724777" executionId="6112e3f3-14d3-4d71-8908-41d435f9470c" testListId="8c84fa94-04c1-424b-9868-57a2d4851a1d" />
    <TestEntry testId="fd971bf2-0c9b-0f0a-62b9-4201d24de568" executionId="c49e811f-3e44-4313-bc54-93dfc10cf956" testListId="8c84fa94-04c1-424b-9868-57a2d4851a1d" />
    <TestEntry testId="b0ebbb7e-a9a3-7757-2a92-597d28a2bbf7" executionId="91e9485a-953c-4891-a7cb-7e15961978bd" testListId="8c84fa94-04c1-424b-9868-57a2d4851a1d" />
    <TestEntry testId="6f911721-1608-56ec-abc3-60016895f942" executionId="efc12904-b082-476f-80b5-228ec139f801" testListId="8c84fa94-04c1-424b-9868-57a2d4851a1d" />
    <TestEntry testId="ced04ed3-0043-6b0a-1a36-4b93f5f4bbc3" executionId="a8b808f0-d374-4aa4-afb3-068b3c2fd3aa" testListId="8c84fa94-04c1-424b-9868-57a2d4851a1d" />
    <TestEntry testId="ee2c36f5-fd5a-6b17-40ea-5d1b7dd29423" executionId="daa3e94f-72d9-41f6-be22-615a26d34f2d" testListId="8c84fa94-04c1-424b-9868-57a2d4851a1d" />
    <TestEntry testId="10afac85-e352-3481-9b2c-ef0c7befd52b" executionId="ced51272-498f-4963-87f9-d5de228209c0" testListId="8c84fa94-04c1-424b-9868-57a2d4851a1d" />
    <TestEntry testId="d4f6f382-b1bb-1c00-18c6-27aef4894542" executionId="f1127b70-dd97-4382-bab8-1ed09c5ca7ef" testListId="8c84fa94-04c1-424b-9868-57a2d4851a1d" />
    <TestEntry testId="bde5a58d-8db4-5485-bc87-79b5cd68a952" executionId="e13665a8-e11f-4565-a904-30f44b788d26" testListId="8c84fa94-04c1-424b-9868-57a2d4851a1d" />
  </TestEntries>
  <TestLists>
    <TestList name="Resultados sin formato de lista" id="8c84fa94-04c1-424b-9868-57a2d4851a1d" />
    <TestList name="Todos los resultados cargados" id="19431567-8539-422a-85d7-44ee4e166bda" />
  </TestLists>
  <ResultSummary outcome="Completed">
    <Counters total="11" executed="11" passed="11" failed="0" error="0" timeout="0" aborted="0" inconclusive="0" passedButRunAborted="0" notRunnable="0" notExecuted="0" disconnected="0" warning="0" completed="0" inProgress="0" pending="0" />
    <Output>
      <StdOut>[xUnit.net 00:00:00.00] xUnit.net VSTest Adapter v2.8.2+699d445a1a (64-bit .NET 8.0.28)&#xD;
[xUnit.net 00:00:00.06]   Discovering: CatalogService.Tests&#xD;
[xUnit.net 00:00:00.09]   Discovered:  CatalogService.Tests&#xD;
[xUnit.net 00:00:00.09]   Starting:    CatalogService.Tests&#xD;
[xUnit.net 00:00:00.16]   Finished:    CatalogService.Tests&#xD;
</StdOut>
    </Output>
    <CollectorDataEntries>
      <Collector agentName="DESKTOP-9QP3NGF" uri="datacollector://microsoft/CoverletCodeCoverage/1.0" collectorDisplayName="XPlat code coverage">
        <UriAttachments>
          <UriAttachment>
            <A href="DESKTOP-9QP3NGF\coverage.cobertura.xml"></A>
          </UriAttachment>
        </UriAttachments>
      </Collector>
    </CollectorDataEntries>
  </ResultSummary>
</TestRun>