<?xml version="1.0" encoding="utf-8"?>
<coverage line-rate="0.9493" branch-rate="0.6709999999999999" version="1.9" timestamp="1781660445" lines-covered="281" lines-valid="296" branches-covered="51" branches-valid="76">
  <sources>
    <source>C:\Users\jomunoz_premier\Documents\Personal\USabana\testing y validacion de software\Proyecto\Muebles-unisabana\backend\services\InventoryService\InventoryService.Api\</source>
  </sources>
  <packages>
    <package name="InventoryService.Api" line-rate="0.9493" branch-rate="0.6709999999999999" complexity="89">
      <classes>
        <class name="Program" filename="Program.cs" line-rate="0.7291" branch-rate="0.35" complexity="20">
          <methods>
            <method name="&lt;Main&gt;$" signature="(System.String[])" line-rate="0.7291" branch-rate="0.35" complexity="20">
              <lines>
                <line number="7" hits="2" branch="False" />
                <line number="10" hits="2" branch="True" condition-coverage="50% (2/4)">
                  <conditions>
                    <condition number="24" type="jump" coverage="50%" />
                    <condition number="44" type="jump" coverage="50%" />
                  </conditions>
                </line>
                <line number="11" hits="2" branch="False" />
                <line number="12" hits="2" branch="False" />
                <line number="14" hits="2" branch="False" />
                <line number="15" hits="2" branch="False" />
                <line number="17" hits="2" branch="False" />
                <line number="18" hits="2" branch="False" />
                <line number="19" hits="2" branch="False" />
                <line number="20" hits="2" branch="False" />
                <line number="21" hits="2" branch="False" />
                <line number="22" hits="2" branch="False" />
                <line number="23" hits="2" branch="False" />
                <line number="25" hits="2" branch="False" />
                <line number="27" hits="2" branch="False" />
                <line number="29" hits="2" branch="False" />
                <line number="30" hits="0" branch="False" />
                <line number="31" hits="0" branch="False" />
                <line number="32" hits="0" branch="True" condition-coverage="0% (0/2)">
                  <conditions>
                    <condition number="10" type="jump" coverage="0%" />
                  </conditions>
                </line>
                <line number="33" hits="2" branch="False" />
                <line number="35" hits="2" branch="False" />
                <line number="36" hits="0" branch="False" />
                <line number="37" hits="0" branch="False" />
                <line number="38" hits="0" branch="True" condition-coverage="0% (0/2)">
                  <conditions>
                    <condition number="10" type="jump" coverage="0%" />
                  </conditions>
                </line>
                <line number="39" hits="0" branch="False" />
                <line number="40" hits="0" branch="False" />
                <line number="41" hits="2" branch="False" />
                <line number="43" hits="2" branch="False" />
                <line number="44" hits="1" branch="False" />
                <line number="45" hits="1" branch="True" condition-coverage="50% (4/8)">
                  <conditions>
                    <condition number="12" type="jump" coverage="50%" />
                    <condition number="25" type="jump" coverage="50%" />
                    <condition number="38" type="jump" coverage="50%" />
                    <condition number="61" type="jump" coverage="50%" />
                  </conditions>
                </line>
                <line number="46" hits="1" branch="False" />
                <line number="47" hits="1" branch="False" />
                <line number="48" hits="2" branch="False" />
                <line number="49" hits="2" branch="False" />
                <line number="50" hits="0" branch="False" />
                <line number="51" hits="0" branch="False" />
                <line number="52" hits="3" branch="False" />
                <line number="54" hits="2" branch="False" />
                <line number="55" hits="0" branch="False" />
                <line number="56" hits="0" branch="False" />
                <line number="57" hits="0" branch="True" condition-coverage="0% (0/2)">
                  <conditions>
                    <condition number="11" type="jump" coverage="0%" />
                  </conditions>
                </line>
                <line number="58" hits="2" branch="False" />
                <line number="60" hits="2" branch="False" />
                <line number="61" hits="1" branch="False" />
                <line number="62" hits="1" branch="False" />
                <line number="63" hits="1" branch="True" condition-coverage="50% (1/2)">
                  <conditions>
                    <condition number="10" type="jump" coverage="50%" />
                  </conditions>
                </line>
                <line number="64" hits="3" branch="False" />
                <line number="66" hits="2" branch="False" />
              </lines>
            </method>
          </methods>
          <lines>
            <line number="7" hits="2" branch="False" />
            <line number="10" hits="2" branch="True" condition-coverage="50% (2/4)">
              <conditions>
                <condition number="24" type="jump" coverage="50%" />
                <condition number="44" type="jump" coverage="50%" />
              </conditions>
            </line>
            <line number="11" hits="2" branch="False" />
            <line number="12" hits="2" branch="False" />
            <line number="14" hits="2" branch="False" />
            <line number="15" hits="2" branch="False" />
            <line number="17" hits="2" branch="False" />
            <line number="18" hits="2" branch="False" />
            <line number="19" hits="2" branch="False" />
            <line number="20" hits="2" branch="False" />
            <line number="21" hits="2" branch="False" />
            <line number="22" hits="2" branch="False" />
            <line number="23" hits="2" branch="False" />
            <line number="25" hits="2" branch="False" />
            <line number="27" hits="2" branch="False" />
            <line number="29" hits="2" branch="False" />
            <line number="30" hits="0" branch="False" />
            <line number="31" hits="0" branch="False" />
            <line number="32" hits="0" branch="True" condition-coverage="0% (0/2)">
              <conditions>
                <condition number="10" type="jump" coverage="0%" />
              </conditions>
            </line>
            <line number="33" hits="2" branch="False" />
            <line number="35" hits="2" branch="False" />
            <line number="36" hits="0" branch="False" />
            <line number="37" hits="0" branch="False" />
            <line number="38" hits="0" branch="True" condition-coverage="0% (0/2)">
              <conditions>
                <condition number="10" type="jump" coverage="0%" />
              </conditions>
            </line>
            <line number="39" hits="0" branch="False" />
            <line number="40" hits="0" branch="False" />
            <line number="41" hits="2" branch="False" />
            <line number="43" hits="2" branch="False" />
            <line number="44" hits="1" branch="False" />
            <line number="45" hits="1" branch="True" condition-coverage="50% (4/8)">
              <conditions>
                <condition number="12" type="jump" coverage="50%" />
                <condition number="25" type="jump" coverage="50%" />
                <condition number="38" type="jump" coverage="50%" />
                <condition number="61" type="jump" coverage="50%" />
              </conditions>
            </line>
            <line number="46" hits="1" branch="False" />
            <line number="47" hits="1" branch="False" />
            <line number="48" hits="2" branch="False" />
            <line number="49" hits="2" branch="False" />
            <line number="50" hits="0" branch="False" />
            <line number="51" hits="0" branch="False" />
            <line number="52" hits="3" branch="False" />
            <line number="54" hits="2" branch="False" />
            <line number="55" hits="0" branch="False" />
            <line number="56" hits="0" branch="False" />
            <line number="57" hits="0" branch="True" condition-coverage="0% (0/2)">
              <conditions>
                <condition number="11" type="jump" coverage="0%" />
              </conditions>
            </line>
            <line number="58" hits="2" branch="False" />
            <line number="60" hits="2" branch="False" />
            <line number="61" hits="1" branch="False" />
            <line number="62" hits="1" branch="False" />
            <line number="63" hits="1" branch="True" condition-coverage="50% (1/2)">
              <conditions>
                <condition number="10" type="jump" coverage="50%" />
              </conditions>
            </line>
            <line number="64" hits="3" branch="False" />
            <line number="66" hits="2" branch="False" />
          </lines>
        </class>
        <class name="CreateInventoryProductRequest" filename="Program.cs" line-rate="1" branch-rate="1" complexity="1">
          <methods>
            <method name="get_Sku" signature="()" line-rate="1" branch-rate="1" complexity="1">
              <lines>
                <line number="70" hits="110" branch="False" />
              </lines>
            </method>
          </methods>
          <lines>
            <line number="70" hits="110" branch="False" />
          </lines>
        </class>
        <class name="UpdateInventoryProductRequest" filename="Program.cs" line-rate="1" branch-rate="1" complexity="1">
          <methods>
            <method name="get_Sku" signature="()" line-rate="1" branch-rate="1" complexity="1">
              <lines>
                <line number="71" hits="11" branch="False" />
              </lines>
            </method>
          </methods>
          <lines>
            <line number="71" hits="11" branch="False" />
          </lines>
        </class>
        <class name="InventoryProductResponse" filename="Program.cs" line-rate="1" branch-rate="1" complexity="1">
          <methods>
            <method name="get_ProductId" signature="()" line-rate="1" branch-rate="1" complexity="1">
              <lines>
                <line number="72" hits="45" branch="False" />
              </lines>
            </method>
          </methods>
          <lines>
            <line number="72" hits="45" branch="False" />
          </lines>
        </class>
        <class name="InventoryDb" filename="Program.cs" line-rate="0.9912000000000001" branch-rate="0.7391" complexity="53">
          <methods>
            <method name="Initialize" signature="()" line-rate="1" branch-rate="1" complexity="1">
              <lines>
                <line number="90" hits="7" branch="False" />
                <line number="91" hits="7" branch="False" />
                <line number="92" hits="7" branch="False" />
                <line number="94" hits="7" branch="False" />
                <line number="95" hits="7" branch="False" />
                <line number="96" hits="7" branch="False" />
                <line number="97" hits="7" branch="False" />
                <line number="98" hits="7" branch="False" />
                <line number="99" hits="7" branch="False" />
                <line number="100" hits="7" branch="False" />
                <line number="101" hits="7" branch="False" />
                <line number="102" hits="7" branch="False" />
                <line number="103" hits="7" branch="False" />
                <line number="104" hits="7" branch="False" />
                <line number="105" hits="7" branch="False" />
                <line number="106" hits="7" branch="False" />
                <line number="107" hits="7" branch="False" />
                <line number="108" hits="7" branch="False" />
                <line number="109" hits="7" branch="False" />
                <line number="110" hits="7" branch="False" />
                <line number="111" hits="7" branch="False" />
                <line number="112" hits="7" branch="False" />
                <line number="114" hits="7" branch="False" />
                <line number="115" hits="7" branch="False" />
                <line number="116" hits="7" branch="False" />
                <line number="117" hits="7" branch="False" />
                <line number="118" hits="7" branch="False" />
                <line number="119" hits="7" branch="False" />
                <line number="120" hits="14" branch="False" />
              </lines>
            </method>
            <method name="Seed" signature="()" line-rate="1" branch-rate="1" complexity="2">
              <lines>
                <line number="123" hits="2" branch="False" />
                <line number="124" hits="2" branch="False" />
                <line number="125" hits="2" branch="False" />
                <line number="127" hits="2" branch="False" />
                <line number="128" hits="2" branch="False" />
                <line number="129" hits="2" branch="False" />
                <line number="130" hits="2" branch="True" condition-coverage="100% (2/2)">
                  <conditions>
                    <condition number="57" type="jump" coverage="100%" />
                  </conditions>
                </line>
                <line number="131" hits="1" branch="False" />
                <line number="132" hits="1" branch="False" />
                <line number="135" hits="1" branch="False" />
                <line number="136" hits="1" branch="False" />
                <line number="137" hits="1" branch="False" />
                <line number="138" hits="1" branch="False" />
                <line number="139" hits="3" branch="False" />
              </lines>
            </method>
            <method name="UpdateSeedProductImages" signature="()" line-rate="1" branch-rate="1" complexity="1">
              <lines>
                <line number="142" hits="2" branch="False" />
                <line number="143" hits="2" branch="False" />
                <line number="144" hits="2" branch="False" />
                <line number="146" hits="2" branch="False" />
                <line number="147" hits="2" branch="False" />
                <line number="148" hits="2" branch="False" />
                <line number="149" hits="2" branch="False" />
                <line number="150" hits="4" branch="False" />
              </lines>
            </method>
            <method name="GetProducts" signature="()" line-rate="1" branch-rate="1" complexity="2">
              <lines>
                <line number="153" hits="1" branch="False" />
                <line number="154" hits="1" branch="False" />
                <line number="155" hits="1" branch="False" />
                <line number="157" hits="1" branch="False" />
                <line number="158" hits="1" branch="False" />
                <line number="159" hits="1" branch="False" />
                <line number="160" hits="1" branch="False" />
                <line number="161" hits="1" branch="False" />
                <line number="162" hits="1" branch="False" />
                <line number="164" hits="1" branch="False" />
                <line number="165" hits="1" branch="False" />
                <line number="166" hits="3" branch="True" condition-coverage="100% (2/2)">
                  <conditions>
                    <condition number="80" type="jump" coverage="100%" />
                  </conditions>
                </line>
                <line number="167" hits="2" branch="False" />
                <line number="168" hits="2" branch="False" />
                <line number="169" hits="2" branch="False" />
                <line number="171" hits="1" branch="False" />
                <line number="172" hits="1" branch="False" />
              </lines>
            </method>
            <method name="GetProductById" signature="(System.Guid)" line-rate="1" branch-rate="1" complexity="2">
              <lines>
                <line number="175" hits="3" branch="False" />
                <line number="176" hits="3" branch="False" />
                <line number="177" hits="3" branch="False" />
                <line number="179" hits="3" branch="False" />
                <line number="180" hits="3" branch="False" />
                <line number="181" hits="3" branch="False" />
                <line number="182" hits="3" branch="False" />
                <line number="183" hits="3" branch="False" />
                <line number="184" hits="3" branch="False" />
                <line number="185" hits="3" branch="False" />
                <line number="187" hits="3" branch="False" />
                <line number="188" hits="3" branch="True" condition-coverage="100% (2/2)">
                  <conditions>
                    <condition number="76" type="jump" coverage="100%" />
                  </conditions>
                </line>
                <line number="189" hits="3" branch="False" />
              </lines>
            </method>
            <method name="CreateProduct" signature="(CreateInventoryProductRequest)" line-rate="1" branch-rate="0.5" complexity="16">
              <lines>
                <line number="192" hits="5" branch="False" />
                <line number="193" hits="5" branch="False" />
                <line number="194" hits="5" branch="False" />
                <line number="196" hits="5" branch="False" />
                <line number="197" hits="5" branch="False" />
                <line number="198" hits="5" branch="False" />
                <line number="199" hits="5" branch="False" />
                <line number="200" hits="5" branch="False" />
                <line number="201" hits="5" branch="False" />
                <line number="202" hits="5" branch="False" />
                <line number="203" hits="5" branch="False" />
                <line number="204" hits="5" branch="False" />
                <line number="205" hits="5" branch="False" />
                <line number="206" hits="5" branch="False" />
                <line number="207" hits="5" branch="False" />
                <line number="208" hits="5" branch="True" condition-coverage="50% (1/2)">
                  <conditions>
                    <condition number="189" type="jump" coverage="50%" />
                  </conditions>
                </line>
                <line number="209" hits="5" branch="True" condition-coverage="50% (1/2)">
                  <conditions>
                    <condition number="223" type="jump" coverage="50%" />
                  </conditions>
                </line>
                <line number="210" hits="5" branch="True" condition-coverage="50% (1/2)">
                  <conditions>
                    <condition number="262" type="jump" coverage="50%" />
                  </conditions>
                </line>
                <line number="211" hits="5" branch="False" />
                <line number="212" hits="5" branch="False" />
                <line number="213" hits="5" branch="True" condition-coverage="50% (1/2)">
                  <conditions>
                    <condition number="355" type="jump" coverage="50%" />
                  </conditions>
                </line>
                <line number="214" hits="5" branch="False" />
                <line number="215" hits="5" branch="False" />
                <line number="216" hits="5" branch="False" />
                <line number="218" hits="5" branch="True" condition-coverage="50% (4/8)">
                  <conditions>
                    <condition number="454" type="jump" coverage="50%" />
                    <condition number="469" type="jump" coverage="50%" />
                    <condition number="484" type="jump" coverage="50%" />
                    <condition number="511" type="jump" coverage="50%" />
                  </conditions>
                </line>
                <line number="219" hits="5" branch="False" />
              </lines>
            </method>
            <method name="UpdateProduct" signature="(System.Guid,UpdateInventoryProductRequest)" line-rate="0.9615" branch-rate="0.8181" complexity="22">
              <lines>
                <line number="222" hits="1" branch="False" />
                <line number="223" hits="1" branch="False" />
                <line number="224" hits="1" branch="True" condition-coverage="50% (1/2)">
                  <conditions>
                    <condition number="17" type="jump" coverage="50%" />
                  </conditions>
                </line>
                <line number="225" hits="0" branch="False" />
                <line number="226" hits="0" branch="False" />
                <line number="229" hits="1" branch="False" />
                <line number="230" hits="1" branch="False" />
                <line number="232" hits="1" branch="True" condition-coverage="85% (17/20)">
                  <conditions>
                    <condition number="55" type="jump" coverage="100%" />
                    <condition number="71" type="jump" coverage="100%" />
                    <condition number="87" type="jump" coverage="100%" />
                    <condition number="111" type="jump" coverage="50%" />
                    <condition number="135" type="jump" coverage="100%" />
                    <condition number="151" type="jump" coverage="100%" />
                    <condition number="167" type="jump" coverage="100%" />
                    <condition number="191" type="jump" coverage="50%" />
                    <condition number="223" type="jump" coverage="50%" />
                    <condition number="247" type="jump" coverage="100%" />
                  </conditions>
                </line>
                <line number="233" hits="1" branch="False" />
                <line number="234" hits="1" branch="False" />
                <line number="235" hits="1" branch="False" />
                <line number="236" hits="1" branch="False" />
                <line number="237" hits="1" branch="False" />
                <line number="238" hits="1" branch="False" />
                <line number="239" hits="1" branch="False" />
                <line number="240" hits="1" branch="False" />
                <line number="241" hits="1" branch="False" />
                <line number="242" hits="1" branch="False" />
                <line number="243" hits="1" branch="False" />
                <line number="244" hits="1" branch="False" />
                <line number="245" hits="1" branch="False" />
                <line number="247" hits="1" branch="False" />
                <line number="248" hits="1" branch="False" />
                <line number="249" hits="1" branch="False" />
                <line number="250" hits="1" branch="False" />
                <line number="251" hits="1" branch="False" />
                <line number="252" hits="1" branch="False" />
                <line number="253" hits="1" branch="False" />
                <line number="254" hits="1" branch="False" />
                <line number="255" hits="1" branch="False" />
                <line number="256" hits="1" branch="False" />
                <line number="257" hits="1" branch="False" />
                <line number="258" hits="1" branch="False" />
                <line number="259" hits="1" branch="False" />
                <line number="260" hits="1" branch="False" />
                <line number="261" hits="1" branch="False" />
                <line number="262" hits="1" branch="False" />
                <line number="263" hits="1" branch="False" />
                <line number="264" hits="1" branch="False" />
                <line number="265" hits="1" branch="False" />
                <line number="266" hits="1" branch="False" />
                <line number="267" hits="1" branch="False" />
                <line number="268" hits="1" branch="False" />
                <line number="269" hits="1" branch="False" />
                <line number="270" hits="1" branch="False" />
                <line number="271" hits="1" branch="False" />
                <line number="272" hits="1" branch="False" />
                <line number="273" hits="1" branch="False" />
                <line number="274" hits="1" branch="False" />
                <line number="275" hits="1" branch="False" />
                <line number="277" hits="1" branch="False" />
                <line number="278" hits="1" branch="False" />
              </lines>
            </method>
            <method name="DeleteProduct" signature="(System.Guid)" line-rate="1" branch-rate="1" complexity="1">
              <lines>
                <line number="281" hits="3" branch="False" />
                <line number="282" hits="3" branch="False" />
                <line number="283" hits="3" branch="False" />
                <line number="285" hits="3" branch="False" />
                <line number="286" hits="3" branch="False" />
                <line number="287" hits="3" branch="False" />
                <line number="288" hits="3" branch="False" />
                <line number="289" hits="3" branch="False" />
              </lines>
            </method>
            <method name="InsertSeedProduct" signature="(Npgsql.NpgsqlConnection,System.Guid,System.String,System.String,System.String,System.Decimal,System.String,System.Collections.Generic.IEnumerable`1&lt;System.String&gt;,System.Collections.Generic.IEnumerable`1&lt;System.String&gt;,System.Int32,System.Int32,System.String)" line-rate="1" branch-rate="1" complexity="1">
              <lines>
                <line number="292" hits="4" branch="False" />
                <line number="293" hits="4" branch="False" />
                <line number="294" hits="4" branch="False" />
                <line number="295" hits="4" branch="False" />
                <line number="296" hits="4" branch="False" />
                <line number="297" hits="4" branch="False" />
                <line number="298" hits="4" branch="False" />
                <line number="299" hits="4" branch="False" />
                <line number="300" hits="4" branch="False" />
                <line number="301" hits="4" branch="False" />
                <line number="302" hits="4" branch="False" />
                <line number="303" hits="4" branch="False" />
                <line number="304" hits="4" branch="False" />
                <line number="305" hits="4" branch="False" />
                <line number="306" hits="4" branch="False" />
                <line number="307" hits="4" branch="False" />
                <line number="308" hits="4" branch="False" />
                <line number="309" hits="4" branch="False" />
                <line number="310" hits="4" branch="False" />
                <line number="311" hits="4" branch="False" />
                <line number="312" hits="4" branch="False" />
                <line number="313" hits="8" branch="False" />
              </lines>
            </method>
            <method name="UpdateProductImage" signature="(Npgsql.NpgsqlConnection,System.String,System.String)" line-rate="1" branch-rate="1" complexity="1">
              <lines>
                <line number="316" hits="8" branch="False" />
                <line number="317" hits="8" branch="False" />
                <line number="318" hits="8" branch="False" />
                <line number="319" hits="8" branch="False" />
                <line number="320" hits="8" branch="False" />
                <line number="321" hits="8" branch="False" />
                <line number="322" hits="8" branch="False" />
                <line number="323" hits="8" branch="False" />
                <line number="324" hits="8" branch="False" />
                <line number="325" hits="8" branch="False" />
                <line number="326" hits="8" branch="False" />
                <line number="327" hits="8" branch="False" />
                <line number="328" hits="8" branch="False" />
                <line number="329" hits="16" branch="False" />
              </lines>
            </method>
            <method name="MapProduct" signature="(Npgsql.NpgsqlDataReader)" line-rate="1" branch-rate="1" complexity="1">
              <lines>
                <line number="332" hits="4" branch="False" />
                <line number="333" hits="4" branch="False" />
                <line number="334" hits="4" branch="False" />
                <line number="335" hits="4" branch="False" />
                <line number="336" hits="4" branch="False" />
                <line number="337" hits="4" branch="False" />
                <line number="338" hits="4" branch="False" />
                <line number="339" hits="4" branch="False" />
                <line number="340" hits="4" branch="False" />
                <line number="341" hits="4" branch="False" />
                <line number="342" hits="4" branch="False" />
                <line number="343" hits="4" branch="False" />
                <line number="344" hits="4" branch="False" />
                <line number="345" hits="4" branch="False" />
                <line number="346" hits="4" branch="False" />
                <line number="347" hits="4" branch="False" />
              </lines>
            </method>
            <method name="SplitList" signature="(System.String)" line-rate="1" branch-rate="1" complexity="2">
              <lines>
                <line number="350" hits="8" branch="False" />
                <line number="351" hits="8" branch="True" condition-coverage="100% (2/2)">
                  <conditions>
                    <condition number="7" type="jump" coverage="100%" />
                  </conditions>
                </line>
                <line number="352" hits="8" branch="False" />
                <line number="353" hits="8" branch="False" />
                <line number="354" hits="8" branch="False" />
              </lines>
            </method>
            <method name=".ctor" signature="(System.String)" line-rate="1" branch-rate="1" complexity="1">
              <lines>
                <line number="84" hits="7" branch="False" />
                <line number="85" hits="7" branch="False" />
                <line number="86" hits="7" branch="False" />
                <line number="87" hits="7" branch="False" />
              </lines>
            </method>
          </methods>
          <lines>
            <line number="90" hits="7" branch="False" />
            <line number="91" hits="7" branch="False" />
            <line number="92" hits="7" branch="False" />
            <line number="94" hits="7" branch="False" />
            <line number="95" hits="7" branch="False" />
            <line number="96" hits="7" branch="False" />
            <line number="97" hits="7" branch="False" />
            <line number="98" hits="7" branch="False" />
            <line number="99" hits="7" branch="False" />
            <line number="100" hits="7" branch="False" />
            <line number="101" hits="7" branch="False" />
            <line number="102" hits="7" branch="False" />
            <line number="103" hits="7" branch="False" />
            <line number="104" hits="7" branch="False" />
            <line number="105" hits="7" branch="False" />
            <line number="106" hits="7" branch="False" />
            <line number="107" hits="7" branch="False" />
            <line number="108" hits="7" branch="False" />
            <line number="109" hits="7" branch="False" />
            <line number="110" hits="7" branch="False" />
            <line number="111" hits="7" branch="False" />
            <line number="112" hits="7" branch="False" />
            <line number="114" hits="7" branch="False" />
            <line number="115" hits="7" branch="False" />
            <line number="116" hits="7" branch="False" />
            <line number="117" hits="7" branch="False" />
            <line number="118" hits="7" branch="False" />
            <line number="119" hits="7" branch="False" />
            <line number="120" hits="14" branch="False" />
            <line number="123" hits="2" branch="False" />
            <line number="124" hits="2" branch="False" />
            <line number="125" hits="2" branch="False" />
            <line number="127" hits="2" branch="False" />
            <line number="128" hits="2" branch="False" />
            <line number="129" hits="2" branch="False" />
            <line number="130" hits="2" branch="True" condition-coverage="100% (2/2)">
              <conditions>
                <condition number="57" type="jump" coverage="100%" />
              </conditions>
            </line>
            <line number="131" hits="1" branch="False" />
            <line number="132" hits="1" branch="False" />
            <line number="135" hits="1" branch="False" />
            <line number="136" hits="1" branch="False" />
            <line number="137" hits="1" branch="False" />
            <line number="138" hits="1" branch="False" />
            <line number="139" hits="3" branch="False" />
            <line number="142" hits="2" branch="False" />
            <line number="143" hits="2" branch="False" />
            <line number="144" hits="2" branch="False" />
            <line number="146" hits="2" branch="False" />
            <line number="147" hits="2" branch="False" />
            <line number="148" hits="2" branch="False" />
            <line number="149" hits="2" branch="False" />
            <line number="150" hits="4" branch="False" />
            <line number="153" hits="1" branch="False" />
            <line number="154" hits="1" branch="False" />
            <line number="155" hits="1" branch="False" />
            <line number="157" hits="1" branch="False" />
            <line number="158" hits="1" branch="False" />
            <line number="159" hits="1" branch="False" />
            <line number="160" hits="1" branch="False" />
            <line number="161" hits="1" branch="False" />
            <line number="162" hits="1" branch="False" />
            <line number="164" hits="1" branch="False" />
            <line number="165" hits="1" branch="False" />
            <line number="166" hits="3" branch="True" condition-coverage="100% (2/2)">
              <conditions>
                <condition number="80" type="jump" coverage="100%" />
              </conditions>
            </line>
            <line number="167" hits="2" branch="False" />
            <line number="168" hits="2" branch="False" />
            <line number="169" hits="2" branch="False" />
            <line number="171" hits="1" branch="False" />
            <line number="172" hits="1" branch="False" />
            <line number="175" hits="3" branch="False" />
            <line number="176" hits="3" branch="False" />
            <line number="177" hits="3" branch="False" />
            <line number="179" hits="3" branch="False" />
            <line number="180" hits="3" branch="False" />
            <line number="181" hits="3" branch="False" />
            <line number="182" hits="3" branch="False" />
            <line number="183" hits="3" branch="False" />
            <line number="184" hits="3" branch="False" />
            <line number="185" hits="3" branch="False" />
            <line number="187" hits="3" branch="False" />
            <line number="188" hits="3" branch="True" condition-coverage="100% (2/2)">
              <conditions>
                <condition number="76" type="jump" coverage="100%" />
              </conditions>
            </line>
            <line number="189" hits="3" branch="False" />
            <line number="192" hits="5" branch="False" />
            <line number="193" hits="5" branch="False" />
            <line number="194" hits="5" branch="False" />
            <line number="196" hits="5" branch="False" />
            <line number="197" hits="5" branch="False" />
            <line number="198" hits="5" branch="False" />
            <line number="199" hits="5" branch="False" />
            <line number="200" hits="5" branch="False" />
            <line number="201" hits="5" branch="False" />
            <line number="202" hits="5" branch="False" />
            <line number="203" hits="5" branch="False" />
            <line number="204" hits="5" branch="False" />
            <line number="205" hits="5" branch="False" />
            <line number="206" hits="5" branch="False" />
            <line number="207" hits="5" branch="False" />
            <line number="208" hits="5" branch="True" condition-coverage="50% (1/2)">
              <conditions>
                <condition number="189" type="jump" coverage="50%" />
              </conditions>
            </line>
            <line number="209" hits="5" branch="True" condition-coverage="50% (1/2)">
              <conditions>
                <condition number="223" type="jump" coverage="50%" />
              </conditions>
            </line>
            <line number="210" hits="5" branch="True" condition-coverage="50% (1/2)">
              <conditions>
                <condition number="262" type="jump" coverage="50%" />
              </conditions>
            </line>
            <line number="211" hits="5" branch="False" />
            <line number="212" hits="5" branch="False" />
            <line number="213" hits="5" branch="True" condition-coverage="50% (1/2)">
              <conditions>
                <condition number="355" type="jump" coverage="50%" />
              </conditions>
            </line>
            <line number="214" hits="5" branch="False" />
            <line number="215" hits="5" branch="False" />
            <line number="216" hits="5" branch="False" />
            <line number="218" hits="5" branch="True" condition-coverage="50% (4/8)">
              <conditions>
                <condition number="454" type="jump" coverage="50%" />
                <condition number="469" type="jump" coverage="50%" />
                <condition number="484" type="jump" coverage="50%" />
                <condition number="511" type="jump" coverage="50%" />
              </conditions>
            </line>
            <line number="219" hits="5" branch="False" />
            <line number="222" hits="1" branch="False" />
            <line number="223" hits="1" branch="False" />
            <line number="224" hits="1" branch="True" condition-coverage="50% (1/2)">
              <conditions>
                <condition number="17" type="jump" coverage="50%" />
              </conditions>
            </line>
            <line number="225" hits="0" branch="False" />
            <line number="226" hits="0" branch="False" />
            <line number="229" hits="1" branch="False" />
            <line number="230" hits="1" branch="False" />
            <line number="232" hits="1" branch="True" condition-coverage="85% (17/20)">
              <conditions>
                <condition number="55" type="jump" coverage="100%" />
                <condition number="71" type="jump" coverage="100%" />
                <condition number="87" type="jump" coverage="100%" />
                <condition number="111" type="jump" coverage="50%" />
                <condition number="135" type="jump" coverage="100%" />
                <condition number="151" type="jump" coverage="100%" />
                <condition number="167" type="jump" coverage="100%" />
                <condition number="191" type="jump" coverage="50%" />
                <condition number="223" type="jump" coverage="50%" />
                <condition number="247" type="jump" coverage="100%" />
              </conditions>
            </line>
            <line number="233" hits="1" branch="False" />
            <line number="234" hits="1" branch="False" />
            <line number="235" hits="1" branch="False" />
            <line number="236" hits="1" branch="False" />
            <line number="237" hits="1" branch="False" />
            <line number="238" hits="1" branch="False" />
            <line number="239" hits="1" branch="False" />
            <line number="240" hits="1" branch="False" />
            <line number="241" hits="1" branch="False" />
            <line number="242" hits="1" branch="False" />
            <line number="243" hits="1" branch="False" />
            <line number="244" hits="1" branch="False" />
            <line number="245" hits="1" branch="False" />
            <line number="247" hits="1" branch="False" />
            <line number="248" hits="1" branch="False" />
            <line number="249" hits="1" branch="False" />
            <line number="250" hits="1" branch="False" />
            <line number="251" hits="1" branch="False" />
            <line number="252" hits="1" branch="False" />
            <line number="253" hits="1" branch="False" />
            <line number="254" hits="1" branch="False" />
            <line number="255" hits="1" branch="False" />
            <line number="256" hits="1" branch="False" />
            <line number="257" hits="1" branch="False" />
            <line number="258" hits="1" branch="False" />
            <line number="259" hits="1" branch="False" />
            <line number="260" hits="1" branch="False" />
            <line number="261" hits="1" branch="False" />
            <line number="262" hits="1" branch="False" />
            <line number="263" hits="1" branch="False" />
            <line number="264" hits="1" branch="False" />
            <line number="265" hits="1" branch="False" />
            <line number="266" hits="1" branch="False" />
            <line number="267" hits="1" branch="False" />
            <line number="268" hits="1" branch="False" />
            <line number="269" hits="1" branch="False" />
            <line number="270" hits="1" branch="False" />
            <line number="271" hits="1" branch="False" />
            <line number="272" hits="1" branch="False" />
            <line number="273" hits="1" branch="False" />
            <line number="274" hits="1" branch="False" />
            <line number="275" hits="1" branch="False" />
            <line number="277" hits="1" branch="False" />
            <line number="278" hits="1" branch="False" />
            <line number="281" hits="3" branch="False" />
            <line number="282" hits="3" branch="False" />
            <line number="283" hits="3" branch="False" />
            <line number="285" hits="3" branch="False" />
            <line number="286" hits="3" branch="False" />
            <line number="287" hits="3" branch="False" />
            <line number="288" hits="3" branch="False" />
            <line number="289" hits="3" branch="False" />
            <line number="292" hits="4" branch="False" />
            <line number="293" hits="4" branch="False" />
            <line number="294" hits="4" branch="False" />
            <line number="295" hits="4" branch="False" />
            <line number="296" hits="4" branch="False" />
            <line number="297" hits="4" branch="False" />
            <line number="298" hits="4" branch="False" />
            <line number="299" hits="4" branch="False" />
            <line number="300" hits="4" branch="False" />
            <line number="301" hits="4" branch="False" />
            <line number="302" hits="4" branch="False" />
            <line number="303" hits="4" branch="False" />
            <line number="304" hits="4" branch="False" />
            <line number="305" hits="4" branch="False" />
            <line number="306" hits="4" branch="False" />
            <line number="307" hits="4" branch="False" />
            <line number="308" hits="4" branch="False" />
            <line number="309" hits="4" branch="False" />
            <line number="310" hits="4" branch="False" />
            <line number="311" hits="4" branch="False" />
            <line number="312" hits="4" branch="False" />
            <line number="313" hits="8" branch="False" />
            <line number="316" hits="8" branch="False" />
            <line number="317" hits="8" branch="False" />
            <line number="318" hits="8" branch="False" />
            <line number="319" hits="8" branch="False" />
            <line number="320" hits="8" branch="False" />
            <line number="321" hits="8" branch="False" />
            <line number="322" hits="8" branch="False" />
            <line number="323" hits="8" branch="False" />
            <line number="324" hits="8" branch="False" />
            <line number="325" hits="8" branch="False" />
            <line number="326" hits="8" branch="False" />
            <line number="327" hits="8" branch="False" />
            <line number="328" hits="8" branch="False" />
            <line number="329" hits="16" branch="False" />
            <line number="332" hits="4" branch="False" />
            <line number="333" hits="4" branch="False" />
            <line number="334" hits="4" branch="False" />
            <line number="335" hits="4" branch="False" />
            <line number="336" hits="4" branch="False" />
            <line number="337" hits="4" branch="False" />
            <line number="338" hits="4" branch="False" />
            <line number="339" hits="4" branch="False" />
            <line number="340" hits="4" branch="False" />
            <line number="341" hits="4" branch="False" />
            <line number="342" hits="4" branch="False" />
            <line number="343" hits="4" branch="False" />
            <line number="344" hits="4" branch="False" />
            <line number="345" hits="4" branch="False" />
            <line number="346" hits="4" branch="False" />
            <line number="347" hits="4" branch="False" />
            <line number="350" hits="8" branch="False" />
            <line number="351" hits="8" branch="True" condition-coverage="100% (2/2)">
              <conditions>
                <condition number="7" type="jump" coverage="100%" />
              </conditions>
            </line>
            <line number="352" hits="8" branch="False" />
            <line number="353" hits="8" branch="False" />
            <line number="354" hits="8" branch="False" />
            <line number="84" hits="7" branch="False" />
            <line number="85" hits="7" branch="False" />
            <line number="86" hits="7" branch="False" />
            <line number="87" hits="7" branch="False" />
          </lines>
        </class>
        <class name="InventoryService.Api.Validators.InventoryProductValidator" filename="Validators\InventoryProductValidator.cs" line-rate="1" branch-rate="1" complexity="10">
          <methods>
            <method name="Validate" signature="(System.String,System.String,System.String,System.Decimal)" line-rate="1" branch-rate="1" complexity="8">
              <lines>
                <line number="6" hits="10" branch="False" />
                <line number="7" hits="10" branch="True" condition-coverage="100% (8/8)">
                  <conditions>
                    <condition number="7" type="jump" coverage="100%" />
                    <condition number="15" type="jump" coverage="100%" />
                    <condition number="23" type="jump" coverage="100%" />
                    <condition number="41" type="jump" coverage="100%" />
                  </conditions>
                </line>
                <line number="8" hits="10" branch="False" />
                <line number="9" hits="10" branch="False" />
                <line number="10" hits="10" branch="False" />
                <line number="11" hits="9" branch="False" />
                <line number="12" hits="9" branch="False" />
                <line number="15" hits="1" branch="False" />
                <line number="16" hits="10" branch="False" />
              </lines>
            </method>
            <method name="SplitList" signature="(System.String)" line-rate="1" branch-rate="1" complexity="2">
              <lines>
                <line number="19" hits="5" branch="False" />
                <line number="20" hits="5" branch="True" condition-coverage="100% (2/2)">
                  <conditions>
                    <condition number="7" type="jump" coverage="100%" />
                  </conditions>
                </line>
                <line number="21" hits="5" branch="False" />
                <line number="22" hits="5" branch="False" />
                <line number="23" hits="5" branch="False" />
              </lines>
            </method>
          </methods>
          <lines>
            <line number="6" hits="10" branch="False" />
            <line number="7" hits="10" branch="True" condition-coverage="100% (8/8)">
              <conditions>
                <condition number="7" type="jump" coverage="100%" />
                <condition number="15" type="jump" coverage="100%" />
                <condition number="23" type="jump" coverage="100%" />
                <condition number="41" type="jump" coverage="100%" />
              </conditions>
            </line>
            <line number="8" hits="10" branch="False" />
            <line number="9" hits="10" branch="False" />
            <line number="10" hits="10" branch="False" />
            <line number="11" hits="9" branch="False" />
            <line number="12" hits="9" branch="False" />
            <line number="15" hits="1" branch="False" />
            <line number="16" hits="10" branch="False" />
            <line number="19" hits="5" branch="False" />
            <line number="20" hits="5" branch="True" condition-coverage="100% (2/2)">
              <conditions>
                <condition number="7" type="jump" coverage="100%" />
              </conditions>
            </line>
            <line number="21" hits="5" branch="False" />
            <line number="22" hits="5" branch="False" />
            <line number="23" hits="5" branch="False" />
          </lines>
        </class>
        <class name="InventoryService.Api.Validators.InventoryValidationResult" filename="Validators\InventoryProductValidator.cs" line-rate="1" branch-rate="1" complexity="3">
          <methods>
            <method name="get_IsValid" signature="()" line-rate="1" branch-rate="1" complexity="1">
              <lines>
                <line number="26" hits="28" branch="False" />
              </lines>
            </method>
            <method name="Valid" signature="()" line-rate="1" branch-rate="1" complexity="1">
              <lines>
                <line number="28" hits="1" branch="False" />
              </lines>
            </method>
            <method name="Invalid" signature="(System.String)" line-rate="1" branch-rate="1" complexity="1">
              <lines>
                <line number="29" hits="9" branch="False" />
              </lines>
            </method>
          </methods>
          <lines>
            <line number="26" hits="28" branch="False" />
            <line number="28" hits="1" branch="False" />
            <line number="29" hits="9" branch="False" />
          </lines>
        </class>
      </classes>
    </package>
  </packages>
</coverage>