<?xml version="1.0" encoding="utf-8"?>
<TestRun id="6d3a9df8-85a9-4161-9090-8bc74f7c36cd" name="LENOVO@DESKTOP-9QP3NGF 2026-06-15 13:06:30" runUser="DESKTOP-9QP3NGF\LENOVO" xmlns="http://microsoft.com/schemas/VisualStudio/TeamTest/2010">
  <Times creation="2026-06-15T13:06:30.9125135-05:00" queuing="2026-06-15T13:06:30.9125140-05:00" start="2026-06-15T13:06:29.7825818-05:00" finish="2026-06-15T13:06:31.1049936-05:00" />
  <TestSettings name="default" id="0cdc8166-103b-4bb6-93d8-854d044333fc">
    <Deployment runDeploymentRoot="LENOVO_DESKTOP-9QP3NGF_2026-06-15_13_06_30" />
  </TestSettings>
  <Results>
    <UnitTestResult executionId="3624ece6-5b86-42d2-9cc8-7015ed6024c7" testId="d4f6f382-b1bb-1c00-18c6-27aef4894542" testName="Sistema: POST de validacion con producto valido equivale a HTTP 200" computerName="DESKTOP-9QP3NGF" duration="00:00:00.0007490" startTime="2026-06-15T13:06:30.8890834-05:00" endTime="2026-06-15T13:06:30.8890834-05:00" testType="13cdc9d9-ddb5-4fa4-a97d-d965ccfc6d4b" outcome="Passed" testListId="8c84fa94-04c1-424b-9868-57a2d4851a1d" relativeResultsDirectory="3624ece6-5b86-42d2-9cc8-7015ed6024c7" />
    <UnitTestResult executionId="457655d3-d227-4576-9d1b-6877a3749c66" testId="b20215e2-b064-b3fc-8bc5-9d11ee1544c2" testName="TDD 3 Refactor: errores se acumulan sin perder legibilidad" computerName="DESKTOP-9QP3NGF" duration="00:00:00.0002535" startTime="2026-06-15T13:06:30.8714477-05:00" endTime="2026-06-15T13:06:30.8714478-05:00" testType="13cdc9d9-ddb5-4fa4-a97d-d965ccfc6d4b" outcome="Passed" testListId="8c84fa94-04c1-424b-9868-57a2d4851a1d" relativeResultsDirectory="457655d3-d227-4576-9d1b-6877a3749c66" />
    <UnitTestResult executionId="963775da-6afa-4712-93c6-7efbb1f802e6" testId="b0ebbb7e-a9a3-7757-2a92-597d28a2bbf7" testName="TDD 1 Green: producto completo es valido" computerName="DESKTOP-9QP3NGF" duration="00:00:00.0069779" startTime="2026-06-15T13:06:30.8638901-05:00" endTime="2026-06-15T13:06:30.8639087-05:00" testType="13cdc9d9-ddb5-4fa4-a97d-d965ccfc6d4b" outcome="Passed" testListId="8c84fa94-04c1-424b-9868-57a2d4851a1d" relativeResultsDirectory="963775da-6afa-4712-93c6-7efbb1f802e6" />
    <UnitTestResult executionId="6139f5f9-80f6-405b-bcc3-a6bab9daf204" testId="ced04ed3-0043-6b0a-1a36-4b93f5f4bbc3" testName="Integral: catalogo filtra precios invalidos y ordena productos por nombre" computerName="DESKTOP-9QP3NGF" duration="00:00:00.0086420" startTime="2026-06-15T13:06:30.8694645-05:00" endTime="2026-06-15T13:06:30.8694646-05:00" testType="13cdc9d9-ddb5-4fa4-a97d-d965ccfc6d4b" outcome="Passed" testListId="8c84fa94-04c1-424b-9868-57a2d4851a1d" relativeResultsDirectory="6139f5f9-80f6-405b-bcc3-a6bab9daf204" />
    <UnitTestResult executionId="6716d824-6dd9-41d4-9659-c530badcab0d" testId="14de0388-e335-1561-e412-f1686917d56c" testName="Unitaria: nombre vacio o en blanco retorna error de nombre(name: &quot;&quot;)" computerName="DESKTOP-9QP3NGF" duration="00:00:00.0000922" startTime="2026-06-15T13:06:30.8888332-05:00" endTime="2026-06-15T13:06:30.8888333-05:00" testType="13cdc9d9-ddb5-4fa4-a97d-d965ccfc6d4b" outcome="Passed" testListId="8c84fa94-04c1-424b-9868-57a2d4851a1d" relativeResultsDirectory="6716d824-6dd9-41d4-9659-c530badcab0d" />
    <UnitTestResult executionId="47daf221-cbed-4cf1-a892-ca99ceda3d1d" testId="2c1dc552-46f5-5c45-ac11-6cedc4724777" testName="Unitaria: producto completo retorna valido" computerName="DESKTOP-9QP3NGF" duration="00:00:00.0003750" startTime="2026-06-15T13:06:30.8891957-05:00" endTime="2026-06-15T13:06:30.8891958-05:00" testType="13cdc9d9-ddb5-4fa4-a97d-d965ccfc6d4b" outcome="Passed" testListId="8c84fa94-04c1-424b-9868-57a2d4851a1d" relativeResultsDirectory="47daf221-cbed-4cf1-a892-ca99ceda3d1d" />
    <UnitTestResult executionId="5b942e3b-e1a0-48a5-a4ea-6f74de00e35d" testId="fd971bf2-0c9b-0f0a-62b9-4201d24de568" testName="Sistema: POST de validacion con precio cero equivale a HTTP 400" computerName="DESKTOP-9QP3NGF" duration="00:00:00.0089328" startTime="2026-06-15T13:06:30.8701102-05:00" endTime="2026-06-15T13:06:30.8701102-05:00" testType="13cdc9d9-ddb5-4fa4-a97d-d965ccfc6d4b" outcome="Passed" testListId="8c84fa94-04c1-424b-9868-57a2d4851a1d" relativeResultsDirectory="5b942e3b-e1a0-48a5-a4ea-6f74de00e35d" />
    <UnitTestResult executionId="51426569-9792-4bf4-8e5a-e33c33ef6859" testId="bde5a58d-8db4-5485-bc87-79b5cd68a952" testName="Unitaria: nombre vacio o en blanco retorna error de nombre(name: &quot; &quot;)" computerName="DESKTOP-9QP3NGF" duration="00:00:00.0000999" startTime="2026-06-15T13:06:30.8715658-05:00" endTime="2026-06-15T13:06:30.8715659-05:00" testType="13cdc9d9-ddb5-4fa4-a97d-d965ccfc6d4b" outcome="Passed" testListId="8c84fa94-04c1-424b-9868-57a2d4851a1d" relativeResultsDirectory="51426569-9792-4bf4-8e5a-e33c33ef6859" />
    <UnitTestResult executionId="1267e91d-349d-4a7f-8687-0ab39fb846b9" testId="ee2c36f5-fd5a-6b17-40ea-5d1b7dd29423" testName="Unitaria: precio cero o negativo retorna error de precio(price: -1)" computerName="DESKTOP-9QP3NGF" duration="00:00:00.0089202" startTime="2026-06-15T13:06:30.8699757-05:00" endTime="2026-06-15T13:06:30.8699758-05:00" testType="13cdc9d9-ddb5-4fa4-a97d-d965ccfc6d4b" outcome="Passed" testListId="8c84fa94-04c1-424b-9868-57a2d4851a1d" relativeResultsDirectory="1267e91d-349d-4a7f-8687-0ab39fb846b9" />
    <UnitTestResult executionId="9a52bdc3-8acb-4c90-826d-dd6e25b8dcc3" testId="10afac85-e352-3481-9b2c-ef0c7befd52b" testName="Unitaria: precio cero o negativo retorna error de precio(price: 0)" computerName="DESKTOP-9QP3NGF" duration="00:00:00.0002159" startTime="2026-06-15T13:06:30.8710332-05:00" endTime="2026-06-15T13:06:30.8710333-05:00" testType="13cdc9d9-ddb5-4fa4-a97d-d965ccfc6d4b" outcome="Passed" testListId="8c84fa94-04c1-424b-9868-57a2d4851a1d" relativeResultsDirectory="9a52bdc3-8acb-4c90-826d-dd6e25b8dcc3" />
    <UnitTestResult executionId="8dd666e4-d042-44c3-9043-79d8a23e2426" testId="6f911721-1608-56ec-abc3-60016895f942" testName="TDD 2 Green: precio en limite cero es invalido" computerName="DESKTOP-9QP3NGF" duration="00:00:00.0000773" startTime="2026-06-15T13:06:30.8886626-05:00" endTime="2026-06-15T13:06:30.8886628-05:00" testType="13cdc9d9-ddb5-4fa4-a97d-d965ccfc6d4b" outcome="Passed" testListId="8c84fa94-04c1-424b-9868-57a2d4851a1d" relativeResultsDirectory="8dd666e4-d042-44c3-9043-79d8a23e2426" />
  </Results>
  <TestDefinitions>
    <UnitTest name="Unitaria: precio cero o negativo retorna error de precio(price: -1)" storage="c:\proyecto\proyecto-muebles4-main\backend\services\catalogservice\catalogservice.tests\bin\debug\net8.0\catalogservice.tests.dll" id="ee2c36f5-fd5a-6b17-40ea-5d1b7dd29423">
      <Execution id="1267e91d-349d-4a7f-8687-0ab39fb846b9" />
      <TestMethod codeBase="C:\Proyecto\Proyecto-Muebles4-main\backend\services\CatalogService\CatalogService.Tests\bin\Debug\net8.0\CatalogService.Tests.dll" adapterTypeName="executor://xunit/VsTestRunner2/netcoreapp" className="CatalogService.Tests.ProductValidationTests" name="Validate_WhenPriceIsZeroOrNegative_ReturnsPriceError" />
    </UnitTest>
    <UnitTest name="Unitaria: nombre vacio o en blanco retorna error de nombre(name: &quot; &quot;)" storage="c:\proyecto\proyecto-muebles4-main\backend\services\catalogservice\catalogservice.tests\bin\debug\net8.0\catalogservice.tests.dll" id="bde5a58d-8db4-5485-bc87-79b5cd68a952">
      <Execution id="51426569-9792-4bf4-8e5a-e33c33ef6859" />
      <TestMethod codeBase="C:\Proyecto\Proyecto-Muebles4-main\backend\services\CatalogService\CatalogService.Tests\bin\Debug\net8.0\CatalogService.Tests.dll" adapterTypeName="executor://xunit/VsTestRunner2/netcoreapp" className="CatalogService.Tests.ProductValidationTests" name="Validate_WhenNameIsBlank_ReturnsNameError" />
    </UnitTest>
    <UnitTest name="Sistema: POST de validacion con producto valido equivale a HTTP 200" storage="c:\proyecto\proyecto-muebles4-main\backend\services\catalogservice\catalogservice.tests\bin\debug\net8.0\catalogservice.tests.dll" id="d4f6f382-b1bb-1c00-18c6-27aef4894542">
      <Execution id="3624ece6-5b86-42d2-9cc8-7015ed6024c7" />
      <TestMethod codeBase="C:\Proyecto\Proyecto-Muebles4-main\backend\services\CatalogService\CatalogService.Tests\bin\Debug\net8.0\CatalogService.Tests.dll" adapterTypeName="executor://xunit/VsTestRunner2/netcoreapp" className="CatalogService.Tests.CatalogEndpointSystemTests" name="ShouldReturnValidWhenPostRequest" />
    </UnitTest>
    <UnitTest name="Sistema: POST de validacion con precio cero equivale a HTTP 400" storage="c:\proyecto\proyecto-muebles4-main\backend\services\catalogservice\catalogservice.tests\bin\debug\net8.0\catalogservice.tests.dll" id="fd971bf2-0c9b-0f0a-62b9-4201d24de568">
      <Execution id="5b942e3b-e1a0-48a5-a4ea-6f74de00e35d" />
      <TestMethod codeBase="C:\Proyecto\Proyecto-Muebles4-main\backend\services\CatalogService\CatalogService.Tests\bin\Debug\net8.0\CatalogService.Tests.dll" adapterTypeName="executor://xunit/VsTestRunner2/netcoreapp" className="CatalogService.Tests.CatalogEndpointSystemTests" name="ShouldReturnBadRequestWhenPostRequestHasBoundaryPriceZero" />
    </UnitTest>
    <UnitTest name="Integral: catalogo filtra precios invalidos y ordena productos por nombre" storage="c:\proyecto\proyecto-muebles4-main\backend\services\catalogservice\catalogservice.tests\bin\debug\net8.0\catalogservice.tests.dll" id="ced04ed3-0043-6b0a-1a36-4b93f5f4bbc3">
      <Execution id="6139f5f9-80f6-405b-bcc3-a6bab9daf204" />
      <TestMethod codeBase="C:\Proyecto\Proyecto-Muebles4-main\backend\services\CatalogService\CatalogService.Tests\bin\Debug\net8.0\CatalogService.Tests.dll" adapterTypeName="executor://xunit/VsTestRunner2/netcoreapp" className="CatalogService.Tests.ProductCatalogServiceIntegrationTests" name="GetAvailableProducts_WhenRepositoryHasInvalidPrices_ReturnsOnlyPositivePricesOrderedByName" />
    </UnitTest>
    <UnitTest name="Unitaria: producto completo retorna valido" storage="c:\proyecto\proyecto-muebles4-main\backend\services\catalogservice\catalogservice.tests\bin\debug\net8.0\catalogservice.tests.dll" id="2c1dc552-46f5-5c45-ac11-6cedc4724777">
      <Execution id="47daf221-cbed-4cf1-a892-ca99ceda3d1d" />
      <TestMethod codeBase="C:\Proyecto\Proyecto-Muebles4-main\backend\services\CatalogService\CatalogService.Tests\bin\Debug\net8.0\CatalogService.Tests.dll" adapterTypeName="executor://xunit/VsTestRunner2/netcoreapp" className="CatalogService.Tests.ProductValidationTests" name="Validate_WhenProductIsComplete_ReturnsValid" />
    </UnitTest>
    <UnitTest name="TDD 2 Green: precio en limite cero es invalido" storage="c:\proyecto\proyecto-muebles4-main\backend\services\catalogservice\catalogservice.tests\bin\debug\net8.0\catalogservice.tests.dll" id="6f911721-1608-56ec-abc3-60016895f942">
      <Execution id="8dd666e4-d042-44c3-9043-79d8a23e2426" />
      <TestMethod codeBase="C:\Proyecto\Proyecto-Muebles4-main\backend\services\CatalogService\CatalogService.Tests\bin\Debug\net8.0\CatalogService.Tests.dll" adapterTypeName="executor://xunit/VsTestRunner2/netcoreapp" className="CatalogService.Tests.TddIterationEvidenceTests" name="ProductWithZeroPriceIsInvalid" />
    </UnitTest>
    <UnitTest name="Unitaria: nombre vacio o en blanco retorna error de nombre(name: &quot;&quot;)" storage="c:\proyecto\proyecto-muebles4-main\backend\services\catalogservice\catalogservice.tests\bin\debug\net8.0\catalogservice.tests.dll" id="14de0388-e335-1561-e412-f1686917d56c">
      <Execution id="6716d824-6dd9-41d4-9659-c530badcab0d" />
      <TestMethod codeBase="C:\Proyecto\Proyecto-Muebles4-main\backend\services\CatalogService\CatalogService.Tests\bin\Debug\net8.0\CatalogService.Tests.dll" adapterTypeName="executor://xunit/VsTestRunner2/netcoreapp" className="CatalogService.Tests.ProductValidationTests" name="Validate_WhenNameIsBlank_ReturnsNameError" />
    </UnitTest>
    <UnitTest name="Unitaria: precio cero o negativo retorna error de precio(price: 0)" storage="c:\proyecto\proyecto-muebles4-main\backend\services\catalogservice\catalogservice.tests\bin\debug\net8.0\catalogservice.tests.dll" id="10afac85-e352-3481-9b2c-ef0c7befd52b">
      <Execution id="9a52bdc3-8acb-4c90-826d-dd6e25b8dcc3" />
      <TestMethod codeBase="C:\Proyecto\Proyecto-Muebles4-main\backend\services\CatalogService\CatalogService.Tests\bin\Debug\net8.0\CatalogService.Tests.dll" adapterTypeName="executor://xunit/VsTestRunner2/netcoreapp" className="CatalogService.Tests.ProductValidationTests" name="Validate_WhenPriceIsZeroOrNegative_ReturnsPriceError" />
    </UnitTest>
    <UnitTest name="TDD 3 Refactor: errores se acumulan sin perder legibilidad" storage="c:\proyecto\proyecto-muebles4-main\backend\services\catalogservice\catalogservice.tests\bin\debug\net8.0\catalogservice.tests.dll" id="b20215e2-b064-b3fc-8bc5-9d11ee1544c2">
      <Execution id="457655d3-d227-4576-9d1b-6877a3749c66" />
      <TestMethod codeBase="C:\Proyecto\Proyecto-Muebles4-main\backend\services\CatalogService\CatalogService.Tests\bin\Debug\net8.0\CatalogService.Tests.dll" adapterTypeName="executor://xunit/VsTestRunner2/netcoreapp" className="CatalogService.Tests.TddIterationEvidenceTests" name="ProductValidationAccumulatesErrors" />
    </UnitTest>
    <UnitTest name="TDD 1 Green: producto completo es valido" storage="c:\proyecto\proyecto-muebles4-main\backend\services\catalogservice\catalogservice.tests\bin\debug\net8.0\catalogservice.tests.dll" id="b0ebbb7e-a9a3-7757-2a92-597d28a2bbf7">
      <Execution id="963775da-6afa-4712-93c6-7efbb1f802e6" />
      <TestMethod codeBase="C:\Proyecto\Proyecto-Muebles4-main\backend\services\CatalogService\CatalogService.Tests\bin\Debug\net8.0\CatalogService.Tests.dll" adapterTypeName="executor://xunit/VsTestRunner2/netcoreapp" className="CatalogService.Tests.TddIterationEvidenceTests" name="ProductWithRequiredFieldsIsValid" />
    </UnitTest>
  </TestDefinitions>
  <TestEntries>
    <TestEntry testId="d4f6f382-b1bb-1c00-18c6-27aef4894542" executionId="3624ece6-5b86-42d2-9cc8-7015ed6024c7" testListId="8c84fa94-04c1-424b-9868-57a2d4851a1d" />
    <TestEntry testId="b20215e2-b064-b3fc-8bc5-9d11ee1544c2" executionId="457655d3-d227-4576-9d1b-6877a3749c66" testListId="8c84fa94-04c1-424b-9868-57a2d4851a1d" />
    <TestEntry testId="b0ebbb7e-a9a3-7757-2a92-597d28a2bbf7" executionId="963775da-6afa-4712-93c6-7efbb1f802e6" testListId="8c84fa94-04c1-424b-9868-57a2d4851a1d" />
    <TestEntry testId="ced04ed3-0043-6b0a-1a36-4b93f5f4bbc3" executionId="6139f5f9-80f6-405b-bcc3-a6bab9daf204" testListId="8c84fa94-04c1-424b-9868-57a2d4851a1d" />
    <TestEntry testId="14de0388-e335-1561-e412-f1686917d56c" executionId="6716d824-6dd9-41d4-9659-c530badcab0d" testListId="8c84fa94-04c1-424b-9868-57a2d4851a1d" />
    <TestEntry testId="2c1dc552-46f5-5c45-ac11-6cedc4724777" executionId="47daf221-cbed-4cf1-a892-ca99ceda3d1d" testListId="8c84fa94-04c1-424b-9868-57a2d4851a1d" />
    <TestEntry testId="fd971bf2-0c9b-0f0a-62b9-4201d24de568" executionId="5b942e3b-e1a0-48a5-a4ea-6f74de00e35d" testListId="8c84fa94-04c1-424b-9868-57a2d4851a1d" />
    <TestEntry testId="bde5a58d-8db4-5485-bc87-79b5cd68a952" executionId="51426569-9792-4bf4-8e5a-e33c33ef6859" testListId="8c84fa94-04c1-424b-9868-57a2d4851a1d" />
    <TestEntry testId="ee2c36f5-fd5a-6b17-40ea-5d1b7dd29423" executionId="1267e91d-349d-4a7f-8687-0ab39fb846b9" testListId="8c84fa94-04c1-424b-9868-57a2d4851a1d" />
    <TestEntry testId="10afac85-e352-3481-9b2c-ef0c7befd52b" executionId="9a52bdc3-8acb-4c90-826d-dd6e25b8dcc3" testListId="8c84fa94-04c1-424b-9868-57a2d4851a1d" />
    <TestEntry testId="6f911721-1608-56ec-abc3-60016895f942" executionId="8dd666e4-d042-44c3-9043-79d8a23e2426" testListId="8c84fa94-04c1-424b-9868-57a2d4851a1d" />
  </TestEntries>
  <TestLists>
    <TestList name="Resultados sin formato de lista" id="8c84fa94-04c1-424b-9868-57a2d4851a1d" />
    <TestList name="Todos los resultados cargados" id="19431567-8539-422a-85d7-44ee4e166bda" />
  </TestLists>
  <ResultSummary outcome="Completed">
    <Counters total="11" executed="11" passed="11" failed="0" error="0" timeout="0" aborted="0" inconclusive="0" passedButRunAborted="0" notRunnable="0" notExecuted="0" disconnected="0" warning="0" completed="0" inProgress="0" pending="0" />
    <Output>
      <StdOut>[xUnit.net 00:00:00.00] xUnit.net VSTest Adapter v2.8.2+699d445a1a (64-bit .NET 8.0.28)&#xD;
[xUnit.net 00:00:00.06]   Discovering: CatalogService.Tests&#xD;
[xUnit.net 00:00:00.09]   Discovered:  CatalogService.Tests&#xD;
[xUnit.net 00:00:00.10]   Starting:    CatalogService.Tests&#xD;
[xUnit.net 00:00:00.16]   Finished:    CatalogService.Tests&#xD;
</StdOut>
    </Output>
    <CollectorDataEntries>
      <Collector agentName="DESKTOP-9QP3NGF" uri="datacollector://microsoft/CoverletCodeCoverage/1.0" collectorDisplayName="XPlat code coverage">
        <UriAttachments>
          <UriAttachment>
            <A href="DESKTOP-9QP3NGF\coverage.cobertura.xml"></A>
          </UriAttachment>
        </UriAttachments>
      </Collector>
    </CollectorDataEntries>
  </ResultSummary>
</TestRun>