<?xml version="1.0" encoding="utf-8"?>
<TestRun id="5968a6b0-7556-4c92-93e0-9481ab4f3894" name="LENOVO@DESKTOP-9QP3NGF 2026-06-15 12:08:08" runUser="DESKTOP-9QP3NGF\CodexSandboxOffline" xmlns="http://microsoft.com/schemas/VisualStudio/TeamTest/2010">
  <Times creation="2026-06-15T12:08:08.5915357-05:00" queuing="2026-06-15T12:08:08.5915359-05:00" start="2026-06-15T12:08:07.5585355-05:00" finish="2026-06-15T12:08:08.7926704-05:00" />
  <TestSettings name="default" id="9a4117ff-ca06-4a5f-8fbc-9a9769f5fd77">
    <Deployment runDeploymentRoot="LENOVO_DESKTOP-9QP3NGF_2026-06-15_12_08_08" />
  </TestSettings>
  <Results>
    <UnitTestResult executionId="fa1232a2-5d85-45f8-b12d-92eb1249f9cb" testId="2c1dc552-46f5-5c45-ac11-6cedc4724777" testName="Unitaria: producto completo retorna valido" computerName="DESKTOP-9QP3NGF" duration="00:00:00.0002651" startTime="2026-06-15T12:08:08.5695864-05:00" endTime="2026-06-15T12:08:08.5695864-05:00" testType="13cdc9d9-ddb5-4fa4-a97d-d965ccfc6d4b" outcome="Passed" testListId="8c84fa94-04c1-424b-9868-57a2d4851a1d" relativeResultsDirectory="fa1232a2-5d85-45f8-b12d-92eb1249f9cb" />
    <UnitTestResult executionId="361bbaec-c9cd-4ce6-ac1a-6f40c526f926" testId="d4f6f382-b1bb-1c00-18c6-27aef4894542" testName="Sistema: POST de validacion con producto valido equivale a HTTP 200" computerName="DESKTOP-9QP3NGF" duration="00:00:00.0006675" startTime="2026-06-15T12:08:08.5697108-05:00" endTime="2026-06-15T12:08:08.5697109-05:00" testType="13cdc9d9-ddb5-4fa4-a97d-d965ccfc6d4b" outcome="Passed" testListId="8c84fa94-04c1-424b-9868-57a2d4851a1d" relativeResultsDirectory="361bbaec-c9cd-4ce6-ac1a-6f40c526f926" />
    <UnitTestResult executionId="d8552ac4-19a5-4fed-9abf-71f2ce6adbdc" testId="fd971bf2-0c9b-0f0a-62b9-4201d24de568" testName="Sistema: POST de validacion con precio cero equivale a HTTP 400" computerName="DESKTOP-9QP3NGF" duration="00:00:00.0069567" startTime="2026-06-15T12:08:08.5508692-05:00" endTime="2026-06-15T12:08:08.5508693-05:00" testType="13cdc9d9-ddb5-4fa4-a97d-d965ccfc6d4b" outcome="Passed" testListId="8c84fa94-04c1-424b-9868-57a2d4851a1d" relativeResultsDirectory="d8552ac4-19a5-4fed-9abf-71f2ce6adbdc" />
    <UnitTestResult executionId="c12b805c-dcaf-4cb3-ac1d-90d1df5026e9" testId="b0ebbb7e-a9a3-7757-2a92-597d28a2bbf7" testName="TDD 1 Green: producto completo es valido" computerName="DESKTOP-9QP3NGF" duration="00:00:00.0051233" startTime="2026-06-15T12:08:08.5449540-05:00" endTime="2026-06-15T12:08:08.5449694-05:00" testType="13cdc9d9-ddb5-4fa4-a97d-d965ccfc6d4b" outcome="Passed" testListId="8c84fa94-04c1-424b-9868-57a2d4851a1d" relativeResultsDirectory="c12b805c-dcaf-4cb3-ac1d-90d1df5026e9" />
    <UnitTestResult executionId="ff68955e-c780-4832-a7e9-8df15e575613" testId="bde5a58d-8db4-5485-bc87-79b5cd68a952" testName="Unitaria: nombre vacio o en blanco retorna error de nombre(name: &quot; &quot;)" computerName="DESKTOP-9QP3NGF" duration="00:00:00.0000953" startTime="2026-06-15T12:08:08.5524052-05:00" endTime="2026-06-15T12:08:08.5524052-05:00" testType="13cdc9d9-ddb5-4fa4-a97d-d965ccfc6d4b" outcome="Passed" testListId="8c84fa94-04c1-424b-9868-57a2d4851a1d" relativeResultsDirectory="ff68955e-c780-4832-a7e9-8df15e575613" />
    <UnitTestResult executionId="dbd75bb8-5a83-44bb-9ca3-53f58373073e" testId="ced04ed3-0043-6b0a-1a36-4b93f5f4bbc3" testName="Integral: catalogo filtra precios invalidos y ordena productos por nombre" computerName="DESKTOP-9QP3NGF" duration="00:00:00.0065012" startTime="2026-06-15T12:08:08.5503159-05:00" endTime="2026-06-15T12:08:08.5503159-05:00" testType="13cdc9d9-ddb5-4fa4-a97d-d965ccfc6d4b" outcome="Passed" testListId="8c84fa94-04c1-424b-9868-57a2d4851a1d" relativeResultsDirectory="dbd75bb8-5a83-44bb-9ca3-53f58373073e" />
    <UnitTestResult executionId="e7819882-1039-45b3-ac71-f902094e22ae" testId="b20215e2-b064-b3fc-8bc5-9d11ee1544c2" testName="TDD 3 Refactor: errores se acumulan sin perder legibilidad" computerName="DESKTOP-9QP3NGF" duration="00:00:00.0002251" startTime="2026-06-15T12:08:08.5522778-05:00" endTime="2026-06-15T12:08:08.5522779-05:00" testType="13cdc9d9-ddb5-4fa4-a97d-d965ccfc6d4b" outcome="Passed" testListId="8c84fa94-04c1-424b-9868-57a2d4851a1d" relativeResultsDirectory="e7819882-1039-45b3-ac71-f902094e22ae" />
    <UnitTestResult executionId="910a33cc-3ba4-4a54-b0ff-ec156df5f8ea" testId="14de0388-e335-1561-e412-f1686917d56c" testName="Unitaria: nombre vacio o en blanco retorna error de nombre(name: &quot;&quot;)" computerName="DESKTOP-9QP3NGF" duration="00:00:00.0000820" startTime="2026-06-15T12:08:08.5693333-05:00" endTime="2026-06-15T12:08:08.5693333-05:00" testType="13cdc9d9-ddb5-4fa4-a97d-d965ccfc6d4b" outcome="Passed" testListId="8c84fa94-04c1-424b-9868-57a2d4851a1d" relativeResultsDirectory="910a33cc-3ba4-4a54-b0ff-ec156df5f8ea" />
    <UnitTestResult executionId="02db953b-3c81-4ba7-9e19-c5ff49ca9dd8" testId="10afac85-e352-3481-9b2c-ef0c7befd52b" testName="Unitaria: precio cero o negativo retorna error de precio(price: 0)" computerName="DESKTOP-9QP3NGF" duration="00:00:00.0001820" startTime="2026-06-15T12:08:08.5518567-05:00" endTime="2026-06-15T12:08:08.5518567-05:00" testType="13cdc9d9-ddb5-4fa4-a97d-d965ccfc6d4b" outcome="Passed" testListId="8c84fa94-04c1-424b-9868-57a2d4851a1d" relativeResultsDirectory="02db953b-3c81-4ba7-9e19-c5ff49ca9dd8" />
    <UnitTestResult executionId="b968c2e9-b86e-4170-8c24-1cefebfc4951" testId="ee2c36f5-fd5a-6b17-40ea-5d1b7dd29423" testName="Unitaria: precio cero o negativo retorna error de precio(price: -1)" computerName="DESKTOP-9QP3NGF" duration="00:00:00.0069564" startTime="2026-06-15T12:08:08.5507391-05:00" endTime="2026-06-15T12:08:08.5507391-05:00" testType="13cdc9d9-ddb5-4fa4-a97d-d965ccfc6d4b" outcome="Passed" testListId="8c84fa94-04c1-424b-9868-57a2d4851a1d" relativeResultsDirectory="b968c2e9-b86e-4170-8c24-1cefebfc4951" />
    <UnitTestResult executionId="f4dccf6c-c7c5-45e1-bc2a-841d06738682" testId="6f911721-1608-56ec-abc3-60016895f942" testName="TDD 2 Green: precio en limite cero es invalido" computerName="DESKTOP-9QP3NGF" duration="00:00:00.0000656" startTime="2026-06-15T12:08:08.5691513-05:00" endTime="2026-06-15T12:08:08.5691515-05:00" testType="13cdc9d9-ddb5-4fa4-a97d-d965ccfc6d4b" outcome="Passed" testListId="8c84fa94-04c1-424b-9868-57a2d4851a1d" relativeResultsDirectory="f4dccf6c-c7c5-45e1-bc2a-841d06738682" />
  </Results>
  <TestDefinitions>
    <UnitTest name="Unitaria: precio cero o negativo retorna error de precio(price: -1)" storage="c:\proyecto\proyecto-muebles4-main\backend\services\catalogservice\catalogservice.tests\bin\debug\net8.0\catalogservice.tests.dll" id="ee2c36f5-fd5a-6b17-40ea-5d1b7dd29423">
      <Execution id="b968c2e9-b86e-4170-8c24-1cefebfc4951" />
      <TestMethod codeBase="C:\Proyecto\Proyecto-Muebles4-main\backend\services\CatalogService\CatalogService.Tests\bin\Debug\net8.0\CatalogService.Tests.dll" adapterTypeName="executor://xunit/VsTestRunner2/netcoreapp" className="CatalogService.Tests.ProductValidationTests" name="Validate_WhenPriceIsZeroOrNegative_ReturnsPriceError" />
    </UnitTest>
    <UnitTest name="Unitaria: nombre vacio o en blanco retorna error de nombre(name: &quot; &quot;)" storage="c:\proyecto\proyecto-muebles4-main\backend\services\catalogservice\catalogservice.tests\bin\debug\net8.0\catalogservice.tests.dll" id="bde5a58d-8db4-5485-bc87-79b5cd68a952">
      <Execution id="ff68955e-c780-4832-a7e9-8df15e575613" />
      <TestMethod codeBase="C:\Proyecto\Proyecto-Muebles4-main\backend\services\CatalogService\CatalogService.Tests\bin\Debug\net8.0\CatalogService.Tests.dll" adapterTypeName="executor://xunit/VsTestRunner2/netcoreapp" className="CatalogService.Tests.ProductValidationTests" name="Validate_WhenNameIsBlank_ReturnsNameError" />
    </UnitTest>
    <UnitTest name="Sistema: POST de validacion con producto valido equivale a HTTP 200" storage="c:\proyecto\proyecto-muebles4-main\backend\services\catalogservice\catalogservice.tests\bin\debug\net8.0\catalogservice.tests.dll" id="d4f6f382-b1bb-1c00-18c6-27aef4894542">
      <Execution id="361bbaec-c9cd-4ce6-ac1a-6f40c526f926" />
      <TestMethod codeBase="C:\Proyecto\Proyecto-Muebles4-main\backend\services\CatalogService\CatalogService.Tests\bin\Debug\net8.0\CatalogService.Tests.dll" adapterTypeName="executor://xunit/VsTestRunner2/netcoreapp" className="CatalogService.Tests.CatalogEndpointSystemTests" name="ShouldReturnValidWhenPostRequest" />
    </UnitTest>
    <UnitTest name="Sistema: POST de validacion con precio cero equivale a HTTP 400" storage="c:\proyecto\proyecto-muebles4-main\backend\services\catalogservice\catalogservice.tests\bin\debug\net8.0\catalogservice.tests.dll" id="fd971bf2-0c9b-0f0a-62b9-4201d24de568">
      <Execution id="d8552ac4-19a5-4fed-9abf-71f2ce6adbdc" />
      <TestMethod codeBase="C:\Proyecto\Proyecto-Muebles4-main\backend\services\CatalogService\CatalogService.Tests\bin\Debug\net8.0\CatalogService.Tests.dll" adapterTypeName="executor://xunit/VsTestRunner2/netcoreapp" className="CatalogService.Tests.CatalogEndpointSystemTests" name="ShouldReturnBadRequestWhenPostRequestHasBoundaryPriceZero" />
    </UnitTest>
    <UnitTest name="Integral: catalogo filtra precios invalidos y ordena productos por nombre" storage="c:\proyecto\proyecto-muebles4-main\backend\services\catalogservice\catalogservice.tests\bin\debug\net8.0\catalogservice.tests.dll" id="ced04ed3-0043-6b0a-1a36-4b93f5f4bbc3">
      <Execution id="dbd75bb8-5a83-44bb-9ca3-53f58373073e" />
      <TestMethod codeBase="C:\Proyecto\Proyecto-Muebles4-main\backend\services\CatalogService\CatalogService.Tests\bin\Debug\net8.0\CatalogService.Tests.dll" adapterTypeName="executor://xunit/VsTestRunner2/netcoreapp" className="CatalogService.Tests.ProductCatalogServiceIntegrationTests" name="GetAvailableProducts_WhenRepositoryHasInvalidPrices_ReturnsOnlyPositivePricesOrderedByName" />
    </UnitTest>
    <UnitTest name="Unitaria: producto completo retorna valido" storage="c:\proyecto\proyecto-muebles4-main\backend\services\catalogservice\catalogservice.tests\bin\debug\net8.0\catalogservice.tests.dll" id="2c1dc552-46f5-5c45-ac11-6cedc4724777">
      <Execution id="fa1232a2-5d85-45f8-b12d-92eb1249f9cb" />
      <TestMethod codeBase="C:\Proyecto\Proyecto-Muebles4-main\backend\services\CatalogService\CatalogService.Tests\bin\Debug\net8.0\CatalogService.Tests.dll" adapterTypeName="executor://xunit/VsTestRunner2/netcoreapp" className="CatalogService.Tests.ProductValidationTests" name="Validate_WhenProductIsComplete_ReturnsValid" />
    </UnitTest>
    <UnitTest name="TDD 2 Green: precio en limite cero es invalido" storage="c:\proyecto\proyecto-muebles4-main\backend\services\catalogservice\catalogservice.tests\bin\debug\net8.0\catalogservice.tests.dll" id="6f911721-1608-56ec-abc3-60016895f942">
      <Execution id="f4dccf6c-c7c5-45e1-bc2a-841d06738682" />
      <TestMethod codeBase="C:\Proyecto\Proyecto-Muebles4-main\backend\services\CatalogService\CatalogService.Tests\bin\Debug\net8.0\CatalogService.Tests.dll" adapterTypeName="executor://xunit/VsTestRunner2/netcoreapp" className="CatalogService.Tests.TddIterationEvidenceTests" name="ProductWithZeroPriceIsInvalid" />
    </UnitTest>
    <UnitTest name="Unitaria: nombre vacio o en blanco retorna error de nombre(name: &quot;&quot;)" storage="c:\proyecto\proyecto-muebles4-main\backend\services\catalogservice\catalogservice.tests\bin\debug\net8.0\catalogservice.tests.dll" id="14de0388-e335-1561-e412-f1686917d56c">
      <Execution id="910a33cc-3ba4-4a54-b0ff-ec156df5f8ea" />
      <TestMethod codeBase="C:\Proyecto\Proyecto-Muebles4-main\backend\services\CatalogService\CatalogService.Tests\bin\Debug\net8.0\CatalogService.Tests.dll" adapterTypeName="executor://xunit/VsTestRunner2/netcoreapp" className="CatalogService.Tests.ProductValidationTests" name="Validate_WhenNameIsBlank_ReturnsNameError" />
    </UnitTest>
    <UnitTest name="Unitaria: precio cero o negativo retorna error de precio(price: 0)" storage="c:\proyecto\proyecto-muebles4-main\backend\services\catalogservice\catalogservice.tests\bin\debug\net8.0\catalogservice.tests.dll" id="10afac85-e352-3481-9b2c-ef0c7befd52b">
      <Execution id="02db953b-3c81-4ba7-9e19-c5ff49ca9dd8" />
      <TestMethod codeBase="C:\Proyecto\Proyecto-Muebles4-main\backend\services\CatalogService\CatalogService.Tests\bin\Debug\net8.0\CatalogService.Tests.dll" adapterTypeName="executor://xunit/VsTestRunner2/netcoreapp" className="CatalogService.Tests.ProductValidationTests" name="Validate_WhenPriceIsZeroOrNegative_ReturnsPriceError" />
    </UnitTest>
    <UnitTest name="TDD 3 Refactor: errores se acumulan sin perder legibilidad" storage="c:\proyecto\proyecto-muebles4-main\backend\services\catalogservice\catalogservice.tests\bin\debug\net8.0\catalogservice.tests.dll" id="b20215e2-b064-b3fc-8bc5-9d11ee1544c2">
      <Execution id="e7819882-1039-45b3-ac71-f902094e22ae" />
      <TestMethod codeBase="C:\Proyecto\Proyecto-Muebles4-main\backend\services\CatalogService\CatalogService.Tests\bin\Debug\net8.0\CatalogService.Tests.dll" adapterTypeName="executor://xunit/VsTestRunner2/netcoreapp" className="CatalogService.Tests.TddIterationEvidenceTests" name="ProductValidationAccumulatesErrors" />
    </UnitTest>
    <UnitTest name="TDD 1 Green: producto completo es valido" storage="c:\proyecto\proyecto-muebles4-main\backend\services\catalogservice\catalogservice.tests\bin\debug\net8.0\catalogservice.tests.dll" id="b0ebbb7e-a9a3-7757-2a92-597d28a2bbf7">
      <Execution id="c12b805c-dcaf-4cb3-ac1d-90d1df5026e9" />
      <TestMethod codeBase="C:\Proyecto\Proyecto-Muebles4-main\backend\services\CatalogService\CatalogService.Tests\bin\Debug\net8.0\CatalogService.Tests.dll" adapterTypeName="executor://xunit/VsTestRunner2/netcoreapp" className="CatalogService.Tests.TddIterationEvidenceTests" name="ProductWithRequiredFieldsIsValid" />
    </UnitTest>
  </TestDefinitions>
  <TestEntries>
    <TestEntry testId="2c1dc552-46f5-5c45-ac11-6cedc4724777" executionId="fa1232a2-5d85-45f8-b12d-92eb1249f9cb" testListId="8c84fa94-04c1-424b-9868-57a2d4851a1d" />
    <TestEntry testId="d4f6f382-b1bb-1c00-18c6-27aef4894542" executionId="361bbaec-c9cd-4ce6-ac1a-6f40c526f926" testListId="8c84fa94-04c1-424b-9868-57a2d4851a1d" />
    <TestEntry testId="fd971bf2-0c9b-0f0a-62b9-4201d24de568" executionId="d8552ac4-19a5-4fed-9abf-71f2ce6adbdc" testListId="8c84fa94-04c1-424b-9868-57a2d4851a1d" />
    <TestEntry testId="b0ebbb7e-a9a3-7757-2a92-597d28a2bbf7" executionId="c12b805c-dcaf-4cb3-ac1d-90d1df5026e9" testListId="8c84fa94-04c1-424b-9868-57a2d4851a1d" />
    <TestEntry testId="bde5a58d-8db4-5485-bc87-79b5cd68a952" executionId="ff68955e-c780-4832-a7e9-8df15e575613" testListId="8c84fa94-04c1-424b-9868-57a2d4851a1d" />
    <TestEntry testId="ced04ed3-0043-6b0a-1a36-4b93f5f4bbc3" executionId="dbd75bb8-5a83-44bb-9ca3-53f58373073e" testListId="8c84fa94-04c1-424b-9868-57a2d4851a1d" />
    <TestEntry testId="b20215e2-b064-b3fc-8bc5-9d11ee1544c2" executionId="e7819882-1039-45b3-ac71-f902094e22ae" testListId="8c84fa94-04c1-424b-9868-57a2d4851a1d" />
    <TestEntry testId="14de0388-e335-1561-e412-f1686917d56c" executionId="910a33cc-3ba4-4a54-b0ff-ec156df5f8ea" testListId="8c84fa94-04c1-424b-9868-57a2d4851a1d" />
    <TestEntry testId="10afac85-e352-3481-9b2c-ef0c7befd52b" executionId="02db953b-3c81-4ba7-9e19-c5ff49ca9dd8" testListId="8c84fa94-04c1-424b-9868-57a2d4851a1d" />
    <TestEntry testId="ee2c36f5-fd5a-6b17-40ea-5d1b7dd29423" executionId="b968c2e9-b86e-4170-8c24-1cefebfc4951" testListId="8c84fa94-04c1-424b-9868-57a2d4851a1d" />
    <TestEntry testId="6f911721-1608-56ec-abc3-60016895f942" executionId="f4dccf6c-c7c5-45e1-bc2a-841d06738682" testListId="8c84fa94-04c1-424b-9868-57a2d4851a1d" />
  </TestEntries>
  <TestLists>
    <TestList name="Resultados sin formato de lista" id="8c84fa94-04c1-424b-9868-57a2d4851a1d" />
    <TestList name="Todos los resultados cargados" id="19431567-8539-422a-85d7-44ee4e166bda" />
  </TestLists>
  <ResultSummary outcome="Completed">
    <Counters total="11" executed="11" passed="11" failed="0" error="0" timeout="0" aborted="0" inconclusive="0" passedButRunAborted="0" notRunnable="0" notExecuted="0" disconnected="0" warning="0" completed="0" inProgress="0" pending="0" />
    <Output>
      <StdOut>[xUnit.net 00:00:00.00] xUnit.net VSTest Adapter v2.8.2+699d445a1a (64-bit .NET 8.0.28)&#xD;
[xUnit.net 00:00:00.05]   Discovering: CatalogService.Tests&#xD;
[xUnit.net 00:00:00.09]   Discovered:  CatalogService.Tests&#xD;
[xUnit.net 00:00:00.09]   Starting:    CatalogService.Tests&#xD;
[xUnit.net 00:00:00.15]   Finished:    CatalogService.Tests&#xD;
</StdOut>
    </Output>
    <CollectorDataEntries>
      <Collector agentName="DESKTOP-9QP3NGF" uri="datacollector://microsoft/CoverletCodeCoverage/1.0" collectorDisplayName="XPlat code coverage">
        <UriAttachments>
          <UriAttachment>
            <A href="DESKTOP-9QP3NGF\coverage.cobertura.xml"></A>
          </UriAttachment>
        </UriAttachments>
      </Collector>
    </CollectorDataEntries>
  </ResultSummary>
</TestRun>